{"meta": {"format": 3, "version": "7.10.7", "timestamp": "2025-11-09T20:41:39.792309", "branch_coverage": true, "show_contexts": false}, "files": {"extensions/__init__.py": {"executed_lines": [1], "summary": {"covered_lines": 0, "num_statements": 0, "percent_covered": 100.0, "percent_covered_display": "100", "missing_lines": 0, "excluded_lines": 0, "num_branches": 0, "num_partial_branches": 0, "covered_branches": 0, "missing_branches": 0}, "missing_lines": [], "excluded_lines": [], "executed_branches": [], "missing_branches": [], "functions": {"": {"executed_lines": [], "summary": {"covered_lines": 0, "num_statements": 0, "percent_covered": 100.0, "percent_covered_display": "100", "missing_lines": 0, "excluded_lines": 0, "num_branches": 0, "num_partial_branches": 0, "covered_branches": 0, "missing_branches": 0}, "missing_lines": [], "excluded_lines": [], "executed_branches": [], "missing_branches": []}}, "classes": {"": {"executed_lines": [], "summary": {"covered_lines": 0, "num_statements": 0, "percent_covered": 100.0, "percent_covered_display": "100", "missing_lines": 0, "excluded_lines": 0, "num_branches": 0, "num_partial_branches": 0, "covered_branches": 0, "missing_branches": 0}, "missing_lines": [], "excluded_lines": [], "executed_branches": [], "missing_branches": []}}}, "extensions/prompts/__init__.py": {"executed_lines": [], "summary": {"covered_lines": 0, "num_statements": 2, "percent_covered": 0.0, "percent_covered_display": "0", "missing_lines": 2, "excluded_lines": 0, "num_branches": 0, "num_partial_branches": 0, "covered_branches": 0, "missing_branches": 0}, "missing_lines": [1, 3], "excluded_lines": [], "executed_branches": [], "missing_branches": [], "functions": {"": {"executed_lines": [], "summary": {"covered_lines": 0, "num_statements": 2, "percent_covered": 0.0, "percent_covered_display": "0", "missing_lines": 2, "excluded_lines": 0, "num_branches": 0, "num_partial_branches": 0, "covered_branches": 0, "missing_branches": 0}, "missing_lines": [1, 3], "excluded_lines": [], "executed_branches": [], "missing_branches": []}}, "classes": {"": {"executed_lines": [], "summary": {"covered_lines": 0, "num_statements": 2, "percent_covered": 0.0, "percent_covered_display": "0", "missing_lines": 2, "excluded_lines": 0, "num_branches": 0, "num_partial_branches": 0, "covered_branches": 0, "missing_branches": 0}, "missing_lines": [1, 3], "excluded_lines": [], "executed_branches": [], "missing_branches": []}}}, "extensions/prompts/philosophy.py": {"executed_lines": [], "summary": {"covered_lines": 0, "num_statements": 43, "percent_covered": 0.0, "percent_covered_display": "0", "missing_lines": 43, "excluded_lines": 0, "num_branches": 6, "num_partial_branches": 0, "covered_branches": 0, "missing_branches": 6}, "missing_lines": [2, 4, 5, 6, 7, 8, 10, 11, 14, 15, 18, 19, 20, 21, 22, 25, 26, 27, 28, 29, 38, 41, 44, 45, 48, 51, 52, 53, 54, 55, 56, 59, 62, 63, 65, 72, 73, 77, 79, 80, 82, 97, 100], "excluded_lines": [], "executed_branches": [], "missing_branches": [[28, 29], [28, 38], [54, 55], [54, 56], [72, 73], [72, 79]], "functions": {"_load_entries": {"executed_lines": [], "summary": {"covered_lines": 0, "num_statements": 5, "percent_covered": 0.0, "percent_covered_display": "0", "missing_lines": 5, "excluded_lines": 0, "num_branches": 2, "num_partial_branches": 0, "covered_branches": 0, "missing_branches": 2}, "missing_lines": [26, 27, 28, 29, 38], "excluded_lines": [], "executed_branches": [], "missing_branches": [[28, 29], [28, 38]]}, "_score": {"executed_lines": [], "summary": {"covered_lines": 0, "num_statements": 2, "percent_covered": 0.0, "percent_covered_display": "0", "missing_lines": 2, "excluded_lines": 0, "num_branches": 0, "num_partial_branches": 0, "covered_branches": 0, "missing_branches": 0}, "missing_lines": [44, 45], "excluded_lines": [], "executed_branches": [], "missing_branches": []}, "select_entry": {"executed_lines": [], "summary": {"covered_lines": 0, "num_statements": 6, "percent_covered": 0.0, "percent_covered_display": "0", "missing_lines": 6, "excluded_lines": 0, "num_branches": 2, "num_partial_branches": 0, "covered_branches": 0, "missing_branches": 2}, "missing_lines": [51, 52, 53, 54, 55, 56], "excluded_lines": [], "executed_branches": [], "missing_branches": [[54, 55], [54, 56]]}, "build_prompt": {"executed_lines": [], "summary": {"covered_lines": 0, "num_statements": 10, "percent_covered": 0.0, "percent_covered_display": "0", "missing_lines": 10, "excluded_lines": 0, "num_branches": 2, "num_partial_branches": 0, "covered_branches": 0, "missing_branches": 2}, "missing_lines": [62, 63, 65, 72, 73, 77, 79, 80, 82, 97], "excluded_lines": [], "executed_branches": [], "missing_branches": [[72, 73], [72, 79]]}, "": {"executed_lines": [], "summary": {"covered_lines": 0, "num_statements": 20, "percent_covered": 0.0, "percent_covered_display": "0", "missing_lines": 20, "excluded_lines": 0, "num_branches": 0, "num_partial_branches": 0, "covered_branches": 0, "missing_branches": 0}, "missing_lines": [2, 4, 5, 6, 7, 8, 10, 11, 14, 15, 18, 19, 20, 21, 22, 25, 41, 48, 59, 100], "excluded_lines": [], "executed_branches": [], "missing_branches": []}}, "classes": {"FAQEntry": {"executed_lines": [], "summary": {"covered_lines": 0, "num_statements": 0, "percent_covered": 100.0, "percent_covered_display": "100", "missing_lines": 0, "excluded_lines": 0, "num_branches": 0, "num_partial_branches": 0, "covered_branches": 0, "missing_branches": 0}, "missing_lines": [], "excluded_lines": [], "executed_branches": [], "missing_branches": []}, "": {"executed_lines": [], "summary": {"covered_lines": 0, "num_statements": 43, "percent_covered": 0.0, "percent_covered_display": "0", "missing_lines": 43, "excluded_lines": 0, "num_branches": 6, "num_partial_branches": 0, "covered_branches": 0, "missing_branches": 6}, "missing_lines": [2, 4, 5, 6, 7, 8, 10, 11, 14, 15, 18, 19, 20, 21, 22, 25, 26, 27, 28, 29, 38, 41, 44, 45, 48, 51, 52, 53, 54, 55, 56, 59, 62, 63, 65, 72, 73, 77, 79, 80, 82, 97, 100], "excluded_lines": [], "executed_branches": [], "missing_branches": [[28, 29], [28, 38], [54, 55], [54, 56], [72, 73], [72, 79]]}}}, "extensions/providers/__init__.py": {"executed_lines": [], "summary": {"covered_lines": 0, "num_statements": 0, "percent_covered": 100.0, "percent_covered_display": "100", "missing_lines": 0, "excluded_lines": 0, "num_branches": 0, "num_partial_branches": 0, "covered_branches": 0, "missing_branches": 0}, "missing_lines": [], "excluded_lines": [], "executed_branches": [], "missing_branches": [], "functions": {"": {"executed_lines": [], "summary": {"covered_lines": 0, "num_statements": 0, "percent_covered": 100.0, "percent_covered_display": "100", "missing_lines": 0, "excluded_lines": 0, "num_branches": 0, "num_partial_branches": 0, "covered_branches": 0, "missing_branches": 0}, "missing_lines": [], "excluded_lines": [], "executed_branches": [], "missing_branches": []}}, "classes": {"": {"executed_lines": [], "summary": {"covered_lines": 0, "num_statements": 0, "percent_covered": 100.0, "percent_covered_display": "100", "missing_lines": 0, "excluded_lines": 0, "num_branches": 0, "num_partial_branches": 0, "covered_branches": 0, "missing_branches": 0}, "missing_lines": [], "excluded_lines": [], "executed_branches": [], "missing_branches": []}}}, "extensions/providers/base.py": {"executed_lines": [], "summary": {"covered_lines": 0, "num_statements": 12, "percent_covered": 0.0, "percent_covered_display": "0", "missing_lines": 12, "excluded_lines": 0, "num_branches": 2, "num_partial_branches": 0, "covered_branches": 0, "missing_branches": 2}, "missing_lines": [1, 2, 3, 5, 6, 7, 8, 9, 10, 12, 13, 14], "excluded_lines": [], "executed_branches": [], "missing_branches": [[14, -14], [14, -12]], "functions": {"Provider.generate": {"executed_lines": [], "summary": {"covered_lines": 0, "num_statements": 0, "percent_covered": 100.0, "percent_covered_display": "100", "missing_lines": 0, "excluded_lines": 0, "num_branches": 0, "num_partial_branches": 0, "covered_branches": 0, "missing_branches": 0}, "missing_lines": [], "excluded_lines": [], "executed_branches": [], "missing_branches": []}, "": {"executed_lines": [], "summary": {"covered_lines": 0, "num_statements": 12, "percent_covered": 0.0, "percent_covered_display": "0", "missing_lines": 12, "excluded_lines": 0, "num_branches": 2, "num_partial_branches": 0, "covered_branches": 0, "missing_branches": 2}, "missing_lines": [1, 2, 3, 5, 6, 7, 8, 9, 10, 12, 13, 14], "excluded_lines": [], "executed_branches": [], "missing_branches": [[14, -14], [14, -12]]}}, "classes": {"Generation": {"executed_lines": [], "summary": {"covered_lines": 0, "num_statements": 0, "percent_covered": 100.0, "percent_covered_display": "100", "missing_lines": 0, "excluded_lines": 0, "num_branches": 0, "num_partial_branches": 0, "covered_branches": 0, "missing_branches": 0}, "missing_lines": [], "excluded_lines": [], "executed_branches": [], "missing_branches": []}, "Provider": {"executed_lines": [], "summary": {"covered_lines": 0, "num_statements": 0, "percent_covered": 100.0, "percent_covered_display": "100", "missing_lines": 0, "excluded_lines": 0, "num_branches": 0, "num_partial_branches": 0, "covered_branches": 0, "missing_branches": 0}, "missing_lines": [], "excluded_lines": [], "executed_branches": [], "missing_branches": []}, "": {"executed_lines": [], "summary": {"covered_lines": 0, "num_statements": 12, "percent_covered": 0.0, "percent_covered_display": "0", "missing_lines": 12, "excluded_lines": 0, "num_branches": 2, "num_partial_branches": 0, "covered_branches": 0, "missing_branches": 2}, "missing_lines": [1, 2, 3, 5, 6, 7, 8, 9, 10, 12, 13, 14], "excluded_lines": [], "executed_branches": [], "missing_branches": [[14, -14], [14, -12]]}}}, "extensions/providers/mock.py": {"executed_lines": [], "summary": {"covered_lines": 0, "num_statements": 10, "percent_covered": 0.0, "percent_covered_display": "0", "missing_lines": 10, "excluded_lines": 0, "num_branches": 0, "num_partial_branches": 0, "covered_branches": 0, "missing_branches": 0}, "missing_lines": [1, 2, 3, 5, 6, 7, 9, 10, 11, 12], "excluded_lines": [], "executed_branches": [], "missing_branches": [], "functions": {"MockProvider.generate": {"executed_lines": [], "summary": {"covered_lines": 0, "num_statements": 4, "percent_covered": 0.0, "percent_covered_display": "0", "missing_lines": 4, "excluded_lines": 0, "num_branches": 0, "num_partial_branches": 0, "covered_branches": 0, "missing_branches": 0}, "missing_lines": [9, 10, 11, 12], "excluded_lines": [], "executed_branches": [], "missing_branches": []}, "": {"executed_lines": [], "summary": {"covered_lines": 0, "num_statements": 6, "percent_covered": 0.0, "percent_covered_display": "0", "missing_lines": 6, "excluded_lines": 0, "num_branches": 0, "num_partial_branches": 0, "covered_branches": 0, "missing_branches": 0}, "missing_lines": [1, 2, 3, 5, 6, 7], "excluded_lines": [], "executed_branches": [], "missing_branches": []}}, "classes": {"MockProvider": {"executed_lines": [], "summary": {"covered_lines": 0, "num_statements": 4, "percent_covered": 0.0, "percent_covered_display": "0", "missing_lines": 4, "excluded_lines": 0, "num_branches": 0, "num_partial_branches": 0, "covered_branches": 0, "missing_branches": 0}, "missing_lines": [9, 10, 11, 12], "excluded_lines": [], "executed_branches": [], "missing_branches": []}, "": {"executed_lines": [], "summary": {"covered_lines": 0, "num_statements": 6, "percent_covered": 0.0, "percent_covered_display": "0", "missing_lines": 6, "excluded_lines": 0, "num_branches": 0, "num_partial_branches": 0, "covered_branches": 0, "missing_branches": 0}, "missing_lines": [1, 2, 3, 5, 6, 7], "excluded_lines": [], "executed_branches": [], "missing_branches": []}}}, "extensions/providers/registry.py": {"executed_lines": [], "summary": {"covered_lines": 0, "num_statements": 9, "percent_covered": 0.0, "percent_covered_display": "0", "missing_lines": 9, "excluded_lines": 0, "num_branches": 2, "num_partial_branches": 0, "covered_branches": 0, "missing_branches": 2}, "missing_lines": [1, 2, 3, 5, 9, 10, 11, 12, 13], "excluded_lines": [], "executed_branches": [], "missing_branches": [[11, 12], [11, 13]], "functions": {"get": {"executed_lines": [], "summary": {"covered_lines": 0, "num_statements": 4, "percent_covered": 0.0, "percent_covered_display": "0", "missing_lines": 4, "excluded_lines": 0, "num_branches": 2, "num_partial_branches": 0, "covered_branches": 0, "missing_branches": 2}, "missing_lines": [10, 11, 12, 13], "excluded_lines": [], "executed_branches": [], "missing_branches": [[11, 12], [11, 13]]}, "": {"executed_lines": [], "summary": {"covered_lines": 0, "num_statements": 5, "percent_covered": 0.0, "percent_covered_display": "0", "missing_lines": 5, "excluded_lines": 0, "num_branches": 0, "num_partial_branches": 0, "covered_branches": 0, "missing_branches": 0}, "missing_lines": [1, 2, 3, 5, 9], "excluded_lines": [], "executed_branches": [], "missing_branches": []}}, "classes": {"": {"executed_lines": [], "summary": {"covered_lines": 0, "num_statements": 9, "percent_covered": 0.0, "percent_covered_display": "0", "missing_lines": 9, "excluded_lines": 0, "num_branches": 2, "num_partial_branches": 0, "covered_branches": 0, "missing_branches": 2}, "missing_lines": [1, 2, 3, 5, 9, 10, 11, 12, 13], "excluded_lines": [], "executed_branches": [], "missing_branches": [[11, 12], [11, 13]]}}}, "extensions/providers/runner.py": {"executed_lines": [], "summary": {"covered_lines": 0, "num_statements": 16, "percent_covered": 0.0, "percent_covered_display": "0", "missing_lines": 16, "excluded_lines": 0, "num_branches": 0, "num_partial_branches": 0, "covered_branches": 0, "missing_branches": 0}, "missing_lines": [1, 2, 3, 5, 6, 7, 8, 9, 10, 11, 12, 13, 14, 15, 16, 17], "excluded_lines": [], "executed_branches": [], "missing_branches": [], "functions": {"main": {"executed_lines": [], "summary": {"covered_lines": 0, "num_statements": 12, "percent_covered": 0.0, "percent_covered_display": "0", "missing_lines": 12, "excluded_lines": 0, "num_branches": 0, "num_partial_branches": 0, "covered_branches": 0, "missing_branches": 0}, "missing_lines": [6, 7, 8, 9, 10, 11, 12, 13, 14, 15, 16, 17], "excluded_lines": [], "executed_branches": [], "missing_branches": []}, "": {"executed_lines": [], "summary": {"covered_lines": 0, "num_statements": 4, "percent_covered": 0.0, "percent_covered_display": "0", "missing_lines": 4, "excluded_lines": 0, "num_branches": 0, "num_partial_branches": 0, "covered_branches": 0, "missing_branches": 0}, "missing_lines": [1, 2, 3, 5], "excluded_lines": [], "executed_branches": [], "missing_branches": []}}, "classes": {"": {"executed_lines": [], "summary": {"covered_lines": 0, "num_statements": 16, "percent_covered": 0.0, "percent_covered_display": "0", "missing_lines": 16, "excluded_lines": 0, "num_branches": 0, "num_partial_branches": 0, "covered_branches": 0, "missing_branches": 0}, "missing_lines": [1, 2, 3, 5, 6, 7, 8, 9, 10, 11, 12, 13, 14, 15, 16, 17], "excluded_lines": [], "executed_branches": [], "missing_branches": []}}}, "extensions/validator/scorers/ensemble.py": {"executed_lines": [2, 3, 5, 6, 7, 8, 10, 12, 13, 14, 15, 18, 22, 28, 36, 42, 45, 55, 59, 67, 90, 105], "summary": {"covered_lines": 21, "num_statements": 72, "percent_covered": 23.863636363636363, "percent_covered_display": "24", "missing_lines": 51, "excluded_lines": 3, "num_branches": 16, "num_partial_branches": 0, "covered_branches": 0, "missing_branches": 16}, "missing_lines": [19, 23, 24, 25, 29, 30, 31, 32, 33, 37, 38, 39, 46, 47, 48, 49, 50, 51, 52, 56, 60, 61, 68, 69, 71, 72, 73, 75, 76, 77, 78, 79, 80, 82, 83, 84, 85, 86, 87, 91, 92, 93, 94, 95, 96, 97, 98, 99, 100, 101, 102], "excluded_lines": [62, 63, 64], "executed_branches": [], "missing_branches": [[46, 47], [46, 48], [48, 49], [48, 50], [50, 51], [50, 52], [68, 69], [68, 71], [75, 76], [75, 82], [79, 75], [79, 80], [83, 84], [83, 86], [93, 94], [93, 101]], "functions": {"load_text": {"executed_lines": [], "summary": {"covered_lines": 0, "num_statements": 1, "percent_covered": 0.0, "percent_covered_display": "0", "missing_lines": 1, "excluded_lines": 0, "num_branches": 0, "num_partial_branches": 0, "covered_branches": 0, "missing_branches": 0}, "missing_lines": [19], "excluded_lines": [], "executed_branches": [], "missing_branches": []}, "_ensure_scores": {"executed_lines": [], "summary": {"covered_lines": 0, "num_statements": 3, "percent_covered": 0.0, "percent_covered_display": "0", "missing_lines": 3, "excluded_lines": 0, "num_branches": 0, "num_partial_branches": 0, "covered_branches": 0, "missing_branches": 0}, "missing_lines": [23, 24, 25], "excluded_lines": [], "executed_branches": [], "missing_branches": []}, "run_heuristic": {"executed_lines": [], "summary": {"covered_lines": 0, "num_statements": 5, "percent_covered": 0.0, "percent_covered_display": "0", "missing_lines": 5, "excluded_lines": 0, "num_branches": 0, "num_partial_branches": 0, "covered_branches": 0, "missing_branches": 0}, "missing_lines": [29, 30, 31, 32, 33], "excluded_lines": [], "executed_branches": [], "missing_branches": []}, "run_receipts": {"executed_lines": [], "summary": {"covered_lines": 0, "num_statements": 3, "percent_covered": 0.0, "percent_covered_display": "0", "missing_lines": 3, "excluded_lines": 0, "num_branches": 0, "num_partial_branches": 0, "covered_branches": 0, "missing_branches": 0}, "missing_lines": [37, 38, 39], "excluded_lines": [], "executed_branches": [], "missing_branches": []}, "register_runner": {"executed_lines": [], "summary": {"covered_lines": 0, "num_statements": 7, "percent_covered": 0.0, "percent_covered_display": "0", "missing_lines": 7, "excluded_lines": 0, "num_branches": 6, "num_partial_branches": 0, "covered_branches": 0, "missing_branches": 6}, "missing_lines": [46, 47, 48, 49, 50, 51, 52], "excluded_lines": [], "executed_branches": [], "missing_branches": [[46, 47], [46, 48], [48, 49], [48, 50], [50, 51], [50, 52]]}, "available_runners": {"executed_lines": [], "summary": {"covered_lines": 0, "num_statements": 1, "percent_covered": 0.0, "percent_covered_display": "0", "missing_lines": 1, "excluded_lines": 0, "num_branches": 0, "num_partial_branches": 0, "covered_branches": 0, "missing_branches": 0}, "missing_lines": [56], "excluded_lines": [], "executed_branches": [], "missing_branches": []}, "_resolve_runner": {"executed_lines": [], "summary": {"covered_lines": 0, "num_statements": 2, "percent_covered": 0.0, "percent_covered_display": "0", "missing_lines": 2, "excluded_lines": 3, "num_branches": 0, "num_partial_branches": 0, "covered_branches": 0, "missing_branches": 0}, "missing_lines": [60, 61], "excluded_lines": [62, 63, 64], "executed_branches": [], "missing_branches": []}, "ensemble": {"executed_lines": [], "summary": {"covered_lines": 0, "num_statements": 17, "percent_covered": 0.0, "percent_covered_display": "0", "missing_lines": 17, "excluded_lines": 0, "num_branches": 8, "num_partial_branches": 0, "covered_branches": 0, "missing_branches": 8}, "missing_lines": [68, 69, 71, 72, 73, 75, 76, 77, 78, 79, 80, 82, 83, 84, 85, 86, 87], "excluded_lines": [], "executed_branches": [], "missing_branches": [[68, 69], [68, 71], [75, 76], [75, 82], [79, 75], [79, 80], [83, 84], [83, 86]]}, "score_file": {"executed_lines": [], "summary": {"covered_lines": 0, "num_statements": 12, "percent_covered": 0.0, "percent_covered_display": "0", "missing_lines": 12, "excluded_lines": 0, "num_branches": 2, "num_partial_branches": 0, "covered_branches": 0, "missing_branches": 2}, "missing_lines": [91, 92, 93, 94, 95, 96, 97, 98, 99, 100, 101, 102], "excluded_lines": [], "executed_branches": [], "missing_branches": [[93, 94], [93, 101]]}, "": {"executed_lines": [2, 3, 5, 6, 7, 8, 10, 12, 13, 14, 15, 18, 22, 28, 36, 42, 45, 55, 59, 67, 90, 105], "summary": {"covered_lines": 21, "num_statements": 21, "percent_covered": 100.0, "percent_covered_display": "100", "missing_lines": 0, "excluded_lines": 0, "num_branches": 0, "num_partial_branches": 0, "covered_branches": 0, "missing_branches": 0}, "missing_lines": [], "excluded_lines": [], "executed_branches": [], "missing_branches": []}}, "classes": {"": {"executed_lines": [2, 3, 5, 6, 7, 8, 10, 12, 13, 14, 15, 18, 22, 28, 36, 42, 45, 55, 59, 67, 90, 105], "summary": {"covered_lines": 21, "num_statements": 72, "percent_covered": 23.863636363636363, "percent_covered_display": "24", "missing_lines": 51, "excluded_lines": 3, "num_branches": 16, "num_partial_branches": 0, "covered_branches": 0, "missing_branches": 16}, "missing_lines": [19, 23, 24, 25, 29, 30, 31, 32, 33, 37, 38, 39, 46, 47, 48, 49, 50, 51, 52, 56, 60, 61, 68, 69, 71, 72, 73, 75, 76, 77, 78, 79, 80, 82, 83, 84, 85, 86, 87, 91, 92, 93, 94, 95, 96, 97, 98, 99, 100, 101, 102], "excluded_lines": [62, 63, 64], "executed_branches": [], "missing_branches": [[46, 47], [46, 48], [48, 49], [48, 50], [50, 51], [50, 52], [68, 69], [68, 71], [75, 76], [75, 82], [79, 75], [79, 80], [83, 84], [83, 86], [93, 94], [93, 101]]}}}, "extensions/validator/systemic_rules.py": {"executed_lines": [1, 2, 4, 5, 6, 7, 9, 18, 27, 39, 49, 51, 52, 53, 56, 61, 62, 63, 66, 67, 68, 70, 71, 72, 73, 76], "summary": {"covered_lines": 24, "num_statements": 25, "percent_covered": 96.0, "percent_covered_display": "96", "missing_lines": 1, "excluded_lines": 0, "num_branches": 0, "num_partial_branches": 0, "covered_branches": 0, "missing_branches": 0}, "missing_lines": [58], "excluded_lines": [], "executed_branches": [], "missing_branches": [], "functions": {"norm_text": {"executed_lines": [51, 52, 53], "summary": {"covered_lines": 3, "num_statements": 3, "percent_covered": 100.0, "percent_covered_display": "100", "missing_lines": 0, "excluded_lines": 0, "num_branches": 0, "num_partial_branches": 0, "covered_branches": 0, "missing_branches": 0}, "missing_lines": [], "excluded_lines": [], "executed_branches": [], "missing_branches": []}, "count_patterns": {"executed_lines": [], "summary": {"covered_lines": 0, "num_statements": 1, "percent_covered": 0.0, "percent_covered_display": "0", "missing_lines": 1, "excluded_lines": 0, "num_branches": 0, "num_partial_branches": 0, "covered_branches": 0, "missing_branches": 0}, "missing_lines": [58], "excluded_lines": [], "executed_branches": [], "missing_branches": []}, "contains_any": {"executed_lines": [62, 63], "summary": {"covered_lines": 2, "num_statements": 2, "percent_covered": 100.0, "percent_covered_display": "100", "missing_lines": 0, "excluded_lines": 0, "num_branches": 0, "num_partial_branches": 0, "covered_branches": 0, "missing_branches": 0}, "missing_lines": [], "excluded_lines": [], "executed_branches": [], "missing_branches": []}, "": {"executed_lines": [1, 2, 4, 5, 6, 7, 9, 18, 27, 39, 49, 56, 61, 66, 67, 68, 70, 71, 72, 73, 76], "summary": {"covered_lines": 19, "num_statements": 19, "percent_covered": 100.0, "percent_covered_display": "100", "missing_lines": 0, "excluded_lines": 0, "num_branches": 0, "num_partial_branches": 0, "covered_branches": 0, "missing_branches": 0}, "missing_lines": [], "excluded_lines": [], "executed_branches": [], "missing_branches": []}}, "classes": {"SystemicJudgement": {"executed_lines": [], "summary": {"covered_lines": 0, "num_statements": 0, "percent_covered": 100.0, "percent_covered_display": "100", "missing_lines": 0, "excluded_lines": 0, "num_branches": 0, "num_partial_branches": 0, "covered_branches": 0, "missing_branches": 0}, "missing_lines": [], "excluded_lines": [], "executed_branches": [], "missing_branches": []}, "": {"executed_lines": [1, 2, 4, 5, 6, 7, 9, 18, 27, 39, 49, 51, 52, 53, 56, 61, 62, 63, 66, 67, 68, 70, 71, 72, 73, 76], "summary": {"covered_lines": 24, "num_statements": 25, "percent_covered": 96.0, "percent_covered_display": "96", "missing_lines": 1, "excluded_lines": 0, "num_branches": 0, "num_partial_branches": 0, "covered_branches": 0, "missing_branches": 0}, "missing_lines": [58], "excluded_lines": [], "executed_branches": [], "missing_branches": []}}}, "teof/__init__.py": {"executed_lines": [1], "summary": {"covered_lines": 0, "num_statements": 0, "percent_covered": 100.0, "percent_covered_display": "100", "missing_lines": 0, "excluded_lines": 0, "num_branches": 0, "num_partial_branches": 0, "covered_branches": 0, "missing_branches": 0}, "missing_lines": [], "excluded_lines": [], "executed_branches": [], "missing_branches": [], "functions": {"": {"executed_lines": [1], "summary": {"covered_lines": 0, "num_statements": 0, "percent_covered": 100.0, "percent_covered_display": "100", "missing_lines": 0, "excluded_lines": 0, "num_branches": 0, "num_partial_branches": 0, "covered_branches": 0, "missing_branches": 0}, "missing_lines": [], "excluded_lines": [], "executed_branches": [], "missing_branches": []}}, "classes": {"": {"executed_lines": [1], "summary": {"covered_lines": 0, "num_statements": 0, "percent_covered": 100.0, "percent_covered_display": "100", "missing_lines": 0, "excluded_lines": 0, "num_branches": 0, "num_partial_branches": 0, "covered_branches": 0, "missing_branches": 0}, "missing_lines": [], "excluded_lines": [], "executed_branches": [], "missing_branches": []}}}, "teof/__main__.py": {"executed_lines": [], "summary": {"covered_lines": 0, "num_statements": 2, "percent_covered": 0.0, "percent_covered_display": "0", "missing_lines": 2, "excluded_lines": 2, "num_branches": 0, "num_partial_branches": 0, "covered_branches": 0, "missing_branches": 0}, "missing_lines": [2, 4], "excluded_lines": [7, 8], "executed_branches": [], "missing_branches": [], "functions": {"": {"executed_lines": [], "summary": {"covered_lines": 0, "num_statements": 2, "percent_covered": 0.0, "percent_covered_display": "0", "missing_lines": 2, "excluded_lines": 2, "num_branches": 0, "num_partial_branches": 0, "covered_branches": 0, "missing_branches": 0}, "missing_lines": [2, 4], "excluded_lines": [7, 8], "executed_branches": [], "missing_branches": []}}, "classes": {"": {"executed_lines": [], "summary": {"covered_lines": 0, "num_statements": 2, "percent_covered": 0.0, "percent_covered_display": "0", "missing_lines": 2, "excluded_lines": 2, "num_branches": 0, "num_partial_branches": 0, "covered_branches": 0, "missing_branches": 0}, "missing_lines": [2, 4], "excluded_lines": [7, 8], "executed_branches": [], "missing_branches": []}}}, "teof/_paths.py": {"executed_lines": [1, 2, 4, 5, 6, 8, 11, 12, 15, 16, 17, 20, 27, 28, 29, 30, 31, 36, 37, 38, 39, 42, 43, 46, 47, 48, 49, 50, 52, 53, 56, 70, 73, 74, 75, 76, 77, 78], "summary": {"covered_lines": 36, "num_statements": 46, "percent_covered": 73.4375, "percent_covered_display": "73", "missing_lines": 10, "excluded_lines": 0, "num_branches": 18, "num_partial_branches": 5, "covered_branches": 11, "missing_branches": 7}, "missing_lines": [24, 32, 33, 51, 71, 80, 81, 82, 84, 85], "excluded_lines": [], "executed_branches": [[28, -27], [28, 29], [30, 31], [37, 38], [37, 39], [48, 49], [50, 52], [70, 73], [75, 76], [76, 75], [76, 77]], "missing_branches": [[30, 32], [48, -46], [50, 51], [70, 71], [75, 80], [80, 81], [80, 84]], "functions": {"set_repo_root": {"executed_lines": [], "summary": {"covered_lines": 0, "num_statements": 1, "percent_covered": 0.0, "percent_covered_display": "0", "missing_lines": 1, "excluded_lines": 0, "num_branches": 0, "num_partial_branches": 0, "covered_branches": 0, "missing_branches": 0}, "missing_lines": [24], "excluded_lines": [], "executed_branches": [], "missing_branches": []}, "_iter_env_candidates": {"executed_lines": [28, 29, 30, 31], "summary": {"covered_lines": 4, "num_statements": 6, "percent_covered": 70.0, "percent_covered_display": "70", "missing_lines": 2, "excluded_lines": 0, "num_branches": 4, "num_partial_branches": 1, "covered_branches": 3, "missing_branches": 1}, "missing_lines": [32, 33], "excluded_lines": [], "executed_branches": [[28, -27], [28, 29], [30, 31]], "missing_branches": [[30, 32]]}, "_iter_default_candidates": {"executed_lines": [37, 38, 39], "summary": {"covered_lines": 3, "num_statements": 3, "percent_covered": 100.0, "percent_covered_display": "100", "missing_lines": 0, "excluded_lines": 0, "num_branches": 2, "num_partial_branches": 0, "covered_branches": 2, "missing_branches": 0}, "missing_lines": [], "excluded_lines": [], "executed_branches": [[37, 38], [37, 39]], "missing_branches": []}, "_is_repo_root": {"executed_lines": [43], "summary": {"covered_lines": 1, "num_statements": 1, "percent_covered": 100.0, "percent_covered_display": "100", "missing_lines": 0, "excluded_lines": 0, "num_branches": 0, "num_partial_branches": 0, "covered_branches": 0, "missing_branches": 0}, "missing_lines": [], "excluded_lines": [], "executed_branches": [], "missing_branches": []}, "_unique": {"executed_lines": [47, 48, 49, 50, 52, 53], "summary": {"covered_lines": 6, "num_statements": 7, "percent_covered": 72.72727272727273, "percent_covered_display": "73", "missing_lines": 1, "excluded_lines": 0, "num_branches": 4, "num_partial_branches": 2, "covered_branches": 2, "missing_branches": 2}, "missing_lines": [51], "excluded_lines": [], "executed_branches": [[48, 49], [50, 52]], "missing_branches": [[48, -46], [50, 51]]}, "repo_root": {"executed_lines": [70, 73, 74, 75, 76, 77, 78], "summary": {"covered_lines": 7, "num_statements": 13, "percent_covered": 52.38095238095238, "percent_covered_display": "52", "missing_lines": 6, "excluded_lines": 0, "num_branches": 8, "num_partial_branches": 2, "covered_branches": 4, "missing_branches": 4}, "missing_lines": [71, 80, 81, 82, 84, 85], "excluded_lines": [], "executed_branches": [[70, 73], [75, 76], [76, 75], [76, 77]], "missing_branches": [[70, 71], [75, 80], [80, 81], [80, 84]]}, "": {"executed_lines": [1, 2, 4, 5, 6, 8, 11, 12, 15, 16, 17, 20, 27, 36, 42, 46, 56], "summary": {"covered_lines": 15, "num_statements": 15, "percent_covered": 100.0, "percent_covered_display": "100", "missing_lines": 0, "excluded_lines": 0, "num_branches": 0, "num_partial_branches": 0, "covered_branches": 0, "missing_branches": 0}, "missing_lines": [], "excluded_lines": [], "executed_branches": [], "missing_branches": []}}, "classes": {"RepoRootError": {"executed_lines": [], "summary": {"covered_lines": 0, "num_statements": 0, "percent_covered": 100.0, "percent_covered_display": "100", "missing_lines": 0, "excluded_lines": 0, "num_branches": 0, "num_partial_branches": 0, "covered_branches": 0, "missing_branches": 0}, "missing_lines": [], "excluded_lines": [], "executed_branches": [], "missing_branches": []}, "": {"executed_lines": [1, 2, 4, 5, 6, 8, 11, 12, 15, 16, 17, 20, 27, 28, 29, 30, 31, 36, 37, 38, 39, 42, 43, 46, 47, 48, 49, 50, 52, 53, 56, 70, 73, 74, 75, 76, 77, 78], "summary": {"covered_lines": 36, "num_statements": 46, "percent_covered": 73.4375, "percent_covered_display": "73", "missing_lines": 10, "excluded_lines": 0, "num_branches": 18, "num_partial_branches": 5, "covered_branches": 11, "missing_branches": 7}, "missing_lines": [24, 32, 33, 51, 71, 80, 81, 82, 84, 85], "excluded_lines": [], "executed_branches": [[28, -27], [28, 29], [30, 31], [37, 38], [37, 39], [48, 49], [50, 52], [70, 73], [75, 76], [76, 75], [76, 77]], "missing_branches": [[30, 32], [48, -46], [50, 51], [70, 71], [75, 80], [80, 81], [80, 84]]}}}, "teof/bootloader.py": {"executed_lines": [], "summary": {"covered_lines": 0, "num_statements": 80, "percent_covered": 0.0, "percent_covered_display": "0", "missing_lines": 80, "excluded_lines": 0, "num_branches": 6, "num_partial_branches": 0, "covered_branches": 0, "missing_branches": 6}, "missing_lines": [8, 10, 11, 12, 13, 15, 16, 17, 18, 19, 20, 21, 22, 23, 24, 25, 26, 27, 28, 29, 30, 31, 32, 33, 36, 37, 38, 41, 43, 44, 45, 46, 47, 48, 49, 50, 51, 52, 53, 54, 55, 58, 59, 60, 61, 62, 65, 66, 67, 68, 69, 70, 71, 72, 73, 77, 78, 81, 82, 85, 86, 89, 90, 93, 94, 97, 98, 101, 102, 105, 106, 109, 110, 113, 114, 117, 118, 121, 122, 124], "excluded_lines": [], "executed_branches": [], "missing_branches": [[43, 44], [43, 45], [70, 71], [70, 73], [121, -2], [121, 122]], "functions": {"_configure_sigpipe": {"executed_lines": [], "summary": {"covered_lines": 0, "num_statements": 13, "percent_covered": 0.0, "percent_covered_display": "0", "missing_lines": 13, "excluded_lines": 0, "num_branches": 2, "num_partial_branches": 0, "covered_branches": 0, "missing_branches": 2}, "missing_lines": [43, 44, 45, 46, 47, 48, 49, 50, 51, 52, 53, 54, 55], "excluded_lines": [], "executed_branches": [], "missing_branches": [[43, 44], [43, 45]]}, "build_parser": {"executed_lines": [], "summary": {"covered_lines": 0, "num_statements": 4, "percent_covered": 0.0, "percent_covered_display": "0", "missing_lines": 4, "excluded_lines": 0, "num_branches": 0, "num_partial_branches": 0, "covered_branches": 0, "missing_branches": 0}, "missing_lines": [59, 60, 61, 62], "excluded_lines": [], "executed_branches": [], "missing_branches": []}, "main": {"executed_lines": [], "summary": {"covered_lines": 0, "num_statements": 8, "percent_covered": 0.0, "percent_covered_display": "0", "missing_lines": 8, "excluded_lines": 0, "num_branches": 2, "num_partial_branches": 0, "covered_branches": 0, "missing_branches": 2}, "missing_lines": [66, 67, 68, 69, 70, 71, 72, 73], "excluded_lines": [], "executed_branches": [], "missing_branches": [[70, 71], [70, 73]]}, "cmd_brief": {"executed_lines": [], "summary": {"covered_lines": 0, "num_statements": 1, "percent_covered": 0.0, "percent_covered_display": "0", "missing_lines": 1, "excluded_lines": 0, "num_branches": 0, "num_partial_branches": 0, "covered_branches": 0, "missing_branches": 0}, "missing_lines": [78], "excluded_lines": [], "executed_branches": [], "missing_branches": []}, "cmd_status": {"executed_lines": [], "summary": {"covered_lines": 0, "num_statements": 1, "percent_covered": 0.0, "percent_covered_display": "0", "missing_lines": 1, "excluded_lines": 0, "num_branches": 0, "num_partial_branches": 0, "covered_branches": 0, "missing_branches": 0}, "missing_lines": [82], "excluded_lines": [], "executed_branches": [], "missing_branches": []}, "cmd_tasks": {"executed_lines": [], "summary": {"covered_lines": 0, "num_statements": 1, "percent_covered": 0.0, "percent_covered_display": "0", "missing_lines": 1, "excluded_lines": 0, "num_branches": 0, "num_partial_branches": 0, "covered_branches": 0, "missing_branches": 0}, "missing_lines": [86], "excluded_lines": [], "executed_branches": [], "missing_branches": []}, "cmd_reflections": {"executed_lines": [], "summary": {"covered_lines": 0, "num_statements": 1, "percent_covered": 0.0, "percent_covered_display": "0", "missing_lines": 1, "excluded_lines": 0, "num_branches": 0, "num_partial_branches": 0, "covered_branches": 0, "missing_branches": 0}, "missing_lines": [90], "excluded_lines": [], "executed_branches": [], "missing_branches": []}, "cmd_ttd_trend": {"executed_lines": [], "summary": {"covered_lines": 0, "num_statements": 1, "percent_covered": 0.0, "percent_covered_display": "0", "missing_lines": 1, "excluded_lines": 0, "num_branches": 0, "num_partial_branches": 0, "covered_branches": 0, "missing_branches": 0}, "missing_lines": [94], "excluded_lines": [], "executed_branches": [], "missing_branches": []}, "cmd_scan": {"executed_lines": [], "summary": {"covered_lines": 0, "num_statements": 1, "percent_covered": 0.0, "percent_covered_display": "0", "missing_lines": 1, "excluded_lines": 0, "num_branches": 0, "num_partial_branches": 0, "covered_branches": 0, "missing_branches": 0}, "missing_lines": [98], "excluded_lines": [], "executed_branches": [], "missing_branches": []}, "cmd_frontier": {"executed_lines": [], "summary": {"covered_lines": 0, "num_statements": 1, "percent_covered": 0.0, "percent_covered_display": "0", "missing_lines": 1, "excluded_lines": 0, "num_branches": 0, "num_partial_branches": 0, "covered_branches": 0, "missing_branches": 0}, "missing_lines": [102], "excluded_lines": [], "executed_branches": [], "missing_branches": []}, "cmd_critic": {"executed_lines": [], "summary": {"covered_lines": 0, "num_statements": 1, "percent_covered": 0.0, "percent_covered_display": "0", "missing_lines": 1, "excluded_lines": 0, "num_branches": 0, "num_partial_branches": 0, "covered_branches": 0, "missing_branches": 0}, "missing_lines": [106], "excluded_lines": [], "executed_branches": [], "missing_branches": []}, "cmd_tms": {"executed_lines": [], "summary": {"covered_lines": 0, "num_statements": 1, "percent_covered": 0.0, "percent_covered_display": "0", "missing_lines": 1, "excluded_lines": 0, "num_branches": 0, "num_partial_branches": 0, "covered_branches": 0, "missing_branches": 0}, "missing_lines": [110], "excluded_lines": [], "executed_branches": [], "missing_branches": []}, "cmd_ethics": {"executed_lines": [], "summary": {"covered_lines": 0, "num_statements": 1, "percent_covered": 0.0, "percent_covered_display": "0", "missing_lines": 1, "excluded_lines": 0, "num_branches": 0, "num_partial_branches": 0, "covered_branches": 0, "missing_branches": 0}, "missing_lines": [114], "excluded_lines": [], "executed_branches": [], "missing_branches": []}, "cmd_ideas": {"executed_lines": [], "summary": {"covered_lines": 0, "num_statements": 1, "percent_covered": 0.0, "percent_covered_display": "0", "missing_lines": 1, "excluded_lines": 0, "num_branches": 0, "num_partial_branches": 0, "covered_branches": 0, "missing_branches": 0}, "missing_lines": [118], "excluded_lines": [], "executed_branches": [], "missing_branches": []}, "": {"executed_lines": [], "summary": {"covered_lines": 0, "num_statements": 44, "percent_covered": 0.0, "percent_covered_display": "0", "missing_lines": 44, "excluded_lines": 0, "num_branches": 2, "num_partial_branches": 0, "covered_branches": 0, "missing_branches": 2}, "missing_lines": [8, 10, 11, 12, 13, 15, 16, 17, 18, 19, 20, 21, 22, 23, 24, 25, 26, 27, 28, 29, 30, 31, 32, 33, 36, 37, 38, 41, 58, 65, 77, 81, 85, 89, 93, 97, 101, 105, 109, 113, 117, 121, 122, 124], "excluded_lines": [], "executed_branches": [], "missing_branches": [[121, -2], [121, 122]]}}, "classes": {"": {"executed_lines": [], "summary": {"covered_lines": 0, "num_statements": 80, "percent_covered": 0.0, "percent_covered_display": "0", "missing_lines": 80, "excluded_lines": 0, "num_branches": 6, "num_partial_branches": 0, "covered_branches": 0, "missing_branches": 6}, "missing_lines": [8, 10, 11, 12, 13, 15, 16, 17, 18, 19, 20, 21, 22, 23, 24, 25, 26, 27, 28, 29, 30, 31, 32, 33, 36, 37, 38, 41, 43, 44, 45, 46, 47, 48, 49, 50, 51, 52, 53, 54, 55, 58, 59, 60, 61, 62, 65, 66, 67, 68, 69, 70, 71, 72, 73, 77, 78, 81, 82, 85, 86, 89, 90, 93, 94, 97, 98, 101, 102, 105, 106, 109, 110, 113, 114, 117, 118, 121, 122, 124], "excluded_lines": [], "executed_branches": [], "missing_branches": [[43, 44], [43, 45], [70, 71], [70, 73], [121, -2], [121, 122]]}}}, "teof/cli.py": {"executed_lines": [], "summary": {"covered_lines": 0, "num_statements": 6, "percent_covered": 0.0, "percent_covered_display": "0", "missing_lines": 6, "excluded_lines": 0, "num_branches": 2, "num_partial_branches": 0, "covered_branches": 0, "missing_branches": 2}, "missing_lines": [2, 4, 7, 8, 11, 12], "excluded_lines": [], "executed_branches": [], "missing_branches": [[11, -1], [11, 12]], "functions": {"main": {"executed_lines": [], "summary": {"covered_lines": 0, "num_statements": 1, "percent_covered": 0.0, "percent_covered_display": "0", "missing_lines": 1, "excluded_lines": 0, "num_branches": 0, "num_partial_branches": 0, "covered_branches": 0, "missing_branches": 0}, "missing_lines": [8], "excluded_lines": [], "executed_branches": [], "missing_branches": []}, "": {"executed_lines": [], "summary": {"covered_lines": 0, "num_statements": 5, "percent_covered": 0.0, "percent_covered_display": "0", "missing_lines": 5, "excluded_lines": 0, "num_branches": 2, "num_partial_branches": 0, "covered_branches": 0, "missing_branches": 2}, "missing_lines": [2, 4, 7, 11, 12], "excluded_lines": [], "executed_branches": [], "missing_branches": [[11, -1], [11, 12]]}}, "classes": {"": {"executed_lines": [], "summary": {"covered_lines": 0, "num_statements": 6, "percent_covered": 0.0, "percent_covered_display": "0", "missing_lines": 6, "excluded_lines": 0, "num_branches": 2, "num_partial_branches": 0, "covered_branches": 0, "missing_branches": 2}, "missing_lines": [2, 4, 7, 8, 11, 12], "excluded_lines": [], "executed_branches": [], "missing_branches": [[11, -1], [11, 12]]}}}, "teof/commands/__init__.py": {"executed_lines": [1, 3, 4, 6, 41, 59, 60, 61], "summary": {"covered_lines": 7, "num_statements": 7, "percent_covered": 100.0, "percent_covered_display": "100", "missing_lines": 0, "excluded_lines": 16, "num_branches": 0, "num_partial_branches": 0, "covered_branches": 0, "missing_branches": 0}, "missing_lines": [], "excluded_lines": [41, 42, 43, 44, 45, 46, 47, 48, 49, 50, 51, 52, 53, 54, 55, 56], "executed_branches": [], "missing_branches": [], "functions": {"register_commands": {"executed_lines": [], "summary": {"covered_lines": 0, "num_statements": 0, "percent_covered": 100.0, "percent_covered_display": "100", "missing_lines": 0, "excluded_lines": 15, "num_branches": 0, "num_partial_branches": 0, "covered_branches": 0, "missing_branches": 0}, "missing_lines": [], "excluded_lines": [42, 43, 44, 45, 46, 47, 48, 49, 50, 51, 52, 53, 54, 55, 56], "executed_branches": [], "missing_branches": []}, "": {"executed_lines": [1, 3, 4, 6, 41, 59, 60, 61], "summary": {"covered_lines": 7, "num_statements": 7, "percent_covered": 100.0, "percent_covered_display": "100", "missing_lines": 0, "excluded_lines": 1, "num_branches": 0, "num_partial_branches": 0, "covered_branches": 0, "missing_branches": 0}, "missing_lines": [], "excluded_lines": [41], "executed_branches": [], "missing_branches": []}}, "classes": {"": {"executed_lines": [1, 3, 4, 6, 41, 59, 60, 61], "summary": {"covered_lines": 7, "num_statements": 7, "percent_covered": 100.0, "percent_covered_display": "100", "missing_lines": 0, "excluded_lines": 16, "num_branches": 0, "num_partial_branches": 0, "covered_branches": 0, "missing_branches": 0}, "missing_lines": [], "excluded_lines": [41, 42, 43, 44, 45, 46, 47, 48, 49, 50, 51, 52, 53, 54, 55, 56], "executed_branches": [], "missing_branches": []}}}, "teof/commands/_utils.py": {"executed_lines": [], "summary": {"covered_lines": 0, "num_statements": 16, "percent_covered": 0.0, "percent_covered_display": "0", "missing_lines": 16, "excluded_lines": 0, "num_branches": 2, "num_partial_branches": 0, "covered_branches": 0, "missing_branches": 2}, "missing_lines": [2, 4, 5, 7, 9, 12, 15, 16, 17, 18, 21, 22, 23, 24, 25, 28], "excluded_lines": [], "executed_branches": [], "missing_branches": [[16, 17], [16, 18]], "functions": {"module_root": {"executed_lines": [], "summary": {"covered_lines": 0, "num_statements": 4, "percent_covered": 0.0, "percent_covered_display": "0", "missing_lines": 4, "excluded_lines": 0, "num_branches": 2, "num_partial_branches": 0, "covered_branches": 0, "missing_branches": 2}, "missing_lines": [15, 16, 17, 18], "excluded_lines": [], "executed_branches": [], "missing_branches": [[16, 17], [16, 18]]}, "relpath": {"executed_lines": [], "summary": {"covered_lines": 0, "num_statements": 4, "percent_covered": 0.0, "percent_covered_display": "0", "missing_lines": 4, "excluded_lines": 0, "num_branches": 0, "num_partial_branches": 0, "covered_branches": 0, "missing_branches": 0}, "missing_lines": [22, 23, 24, 25], "excluded_lines": [], "executed_branches": [], "missing_branches": []}, "": {"executed_lines": [], "summary": {"covered_lines": 0, "num_statements": 8, "percent_covered": 0.0, "percent_covered_display": "0", "missing_lines": 8, "excluded_lines": 0, "num_branches": 0, "num_partial_branches": 0, "covered_branches": 0, "missing_branches": 0}, "missing_lines": [2, 4, 5, 7, 9, 12, 21, 28], "excluded_lines": [], "executed_branches": [], "missing_branches": []}}, "classes": {"": {"executed_lines": [], "summary": {"covered_lines": 0, "num_statements": 16, "percent_covered": 0.0, "percent_covered_display": "0", "missing_lines": 16, "excluded_lines": 0, "num_branches": 2, "num_partial_branches": 0, "covered_branches": 0, "missing_branches": 2}, "missing_lines": [2, 4, 5, 7, 9, 12, 15, 16, 17, 18, 21, 22, 23, 24, 25, 28], "excluded_lines": [], "executed_branches": [], "missing_branches": [[16, 17], [16, 18]]}}}, "teof/commands/assess.py": {"executed_lines": [], "summary": {"covered_lines": 0, "num_statements": 131, "percent_covered": 0.0, "percent_covered_display": "0", "missing_lines": 131, "excluded_lines": 0, "num_branches": 26, "num_partial_branches": 0, "covered_branches": 0, "missing_branches": 26}, "missing_lines": [1, 3, 4, 5, 6, 7, 9, 10, 11, 12, 13, 14, 17, 18, 21, 22, 23, 24, 27, 28, 29, 30, 31, 32, 34, 40, 50, 53, 54, 55, 56, 57, 58, 59, 60, 61, 67, 70, 71, 72, 73, 74, 75, 76, 77, 78, 79, 80, 81, 82, 83, 84, 85, 86, 87, 93, 94, 95, 96, 107, 108, 109, 111, 112, 123, 124, 125, 126, 129, 130, 131, 132, 138, 139, 140, 141, 142, 143, 144, 145, 146, 147, 149, 150, 152, 153, 156, 157, 158, 159, 169, 170, 171, 172, 173, 177, 178, 179, 180, 181, 182, 184, 185, 188, 193, 194, 195, 196, 197, 198, 201, 202, 203, 204, 206, 207, 208, 210, 211, 217, 218, 220, 221, 224, 225, 227, 231, 237, 243, 249, 252], "excluded_lines": [], "executed_branches": [], "missing_branches": [[73, 74], [73, 75], [95, 96], [95, 107], [108, 109], [108, 111], [111, 112], [111, 123], [124, 125], [124, 126], [139, 140], [139, 152], [141, 142], [141, 153], [146, 147], [146, 149], [170, 171], [170, 177], [172, 173], [172, 177], [180, 181], [180, 184], [181, 182], [181, 185], [210, 211], [210, 220]], "functions": {"_utc_now": {"executed_lines": [], "summary": {"covered_lines": 0, "num_statements": 1, "percent_covered": 0.0, "percent_covered_display": "0", "missing_lines": 1, "excluded_lines": 0, "num_branches": 0, "num_partial_branches": 0, "covered_branches": 0, "missing_branches": 0}, "missing_lines": [18], "excluded_lines": [], "executed_branches": [], "missing_branches": []}, "_collect_status_payload": {"executed_lines": [], "summary": {"covered_lines": 0, "num_statements": 3, "percent_covered": 0.0, "percent_covered_display": "0", "missing_lines": 3, "excluded_lines": 0, "num_branches": 0, "num_partial_branches": 0, "covered_branches": 0, "missing_branches": 0}, "missing_lines": [22, 23, 24], "excluded_lines": [], "executed_branches": [], "missing_branches": []}, "_collect_scan_summary": {"executed_lines": [], "summary": {"covered_lines": 0, "num_statements": 8, "percent_covered": 0.0, "percent_covered_display": "0", "missing_lines": 8, "excluded_lines": 0, "num_branches": 0, "num_partial_branches": 0, "covered_branches": 0, "missing_branches": 0}, "missing_lines": [28, 29, 30, 31, 32, 34, 40, 50], "excluded_lines": [], "executed_branches": [], "missing_branches": []}, "_collect_task_summary": {"executed_lines": [], "summary": {"covered_lines": 0, "num_statements": 9, "percent_covered": 0.0, "percent_covered_display": "0", "missing_lines": 9, "excluded_lines": 0, "num_branches": 0, "num_partial_branches": 0, "covered_branches": 0, "missing_branches": 0}, "missing_lines": [54, 55, 56, 57, 58, 59, 60, 61, 67], "excluded_lines": [], "executed_branches": [], "missing_branches": []}, "_render_status_lines": {"executed_lines": [], "summary": {"covered_lines": 0, "num_statements": 30, "percent_covered": 0.0, "percent_covered_display": "0", "missing_lines": 30, "excluded_lines": 0, "num_branches": 10, "num_partial_branches": 0, "covered_branches": 0, "missing_branches": 10}, "missing_lines": [71, 72, 73, 74, 75, 76, 77, 78, 79, 80, 81, 82, 83, 84, 85, 86, 87, 93, 94, 95, 96, 107, 108, 109, 111, 112, 123, 124, 125, 126], "excluded_lines": [], "executed_branches": [], "missing_branches": [[73, 74], [73, 75], [95, 96], [95, 107], [108, 109], [108, 111], [111, 112], [111, 123], [124, 125], [124, 126]]}, "_render_frontier_lines": {"executed_lines": [], "summary": {"covered_lines": 0, "num_statements": 17, "percent_covered": 0.0, "percent_covered_display": "0", "missing_lines": 17, "excluded_lines": 0, "num_branches": 6, "num_partial_branches": 0, "covered_branches": 0, "missing_branches": 6}, "missing_lines": [130, 131, 132, 138, 139, 140, 141, 142, 143, 144, 145, 146, 147, 149, 150, 152, 153], "excluded_lines": [], "executed_branches": [], "missing_branches": [[139, 140], [139, 152], [141, 142], [141, 153], [146, 147], [146, 149]]}, "_render_task_lines": {"executed_lines": [], "summary": {"covered_lines": 0, "num_statements": 16, "percent_covered": 0.0, "percent_covered_display": "0", "missing_lines": 16, "excluded_lines": 0, "num_branches": 8, "num_partial_branches": 0, "covered_branches": 0, "missing_branches": 8}, "missing_lines": [157, 158, 159, 169, 170, 171, 172, 173, 177, 178, 179, 180, 181, 182, 184, 185], "excluded_lines": [], "executed_branches": [], "missing_branches": [[170, 171], [170, 177], [172, 173], [172, 177], [180, 181], [180, 184], [181, 182], [181, 185]]}, "_render_text": {"executed_lines": [], "summary": {"covered_lines": 0, "num_statements": 6, "percent_covered": 0.0, "percent_covered_display": "0", "missing_lines": 6, "excluded_lines": 0, "num_branches": 0, "num_partial_branches": 0, "covered_branches": 0, "missing_branches": 0}, "missing_lines": [193, 194, 195, 196, 197, 198], "excluded_lines": [], "executed_branches": [], "missing_branches": []}, "run": {"executed_lines": [], "summary": {"covered_lines": 0, "num_statements": 12, "percent_covered": 0.0, "percent_covered_display": "0", "missing_lines": 12, "excluded_lines": 0, "num_branches": 2, "num_partial_branches": 0, "covered_branches": 0, "missing_branches": 2}, "missing_lines": [202, 203, 204, 206, 207, 208, 210, 211, 217, 218, 220, 221], "excluded_lines": [], "executed_branches": [], "missing_branches": [[210, 211], [210, 220]]}, "register": {"executed_lines": [], "summary": {"covered_lines": 0, "num_statements": 6, "percent_covered": 0.0, "percent_covered_display": "0", "missing_lines": 6, "excluded_lines": 0, "num_branches": 0, "num_partial_branches": 0, "covered_branches": 0, "missing_branches": 0}, "missing_lines": [225, 227, 231, 237, 243, 249], "excluded_lines": [], "executed_branches": [], "missing_branches": []}, "": {"executed_lines": [], "summary": {"covered_lines": 0, "num_statements": 23, "percent_covered": 0.0, "percent_covered_display": "0", "missing_lines": 23, "excluded_lines": 0, "num_branches": 0, "num_partial_branches": 0, "covered_branches": 0, "missing_branches": 0}, "missing_lines": [1, 3, 4, 5, 6, 7, 9, 10, 11, 12, 13, 14, 17, 21, 27, 53, 70, 129, 156, 188, 201, 224, 252], "excluded_lines": [], "executed_branches": [], "missing_branches": []}}, "classes": {"": {"executed_lines": [], "summary": {"covered_lines": 0, "num_statements": 131, "percent_covered": 0.0, "percent_covered_display": "0", "missing_lines": 131, "excluded_lines": 0, "num_branches": 26, "num_partial_branches": 0, "covered_branches": 0, "missing_branches": 26}, "missing_lines": [1, 3, 4, 5, 6, 7, 9, 10, 11, 12, 13, 14, 17, 18, 21, 22, 23, 24, 27, 28, 29, 30, 31, 32, 34, 40, 50, 53, 54, 55, 56, 57, 58, 59, 60, 61, 67, 70, 71, 72, 73, 74, 75, 76, 77, 78, 79, 80, 81, 82, 83, 84, 85, 86, 87, 93, 94, 95, 96, 107, 108, 109, 111, 112, 123, 124, 125, 126, 129, 130, 131, 132, 138, 139, 140, 141, 142, 143, 144, 145, 146, 147, 149, 150, 152, 153, 156, 157, 158, 159, 169, 170, 171, 172, 173, 177, 178, 179, 180, 181, 182, 184, 185, 188, 193, 194, 195, 196, 197, 198, 201, 202, 203, 204, 206, 207, 208, 210, 211, 217, 218, 220, 221, 224, 225, 227, 231, 237, 243, 249, 252], "excluded_lines": [], "executed_branches": [], "missing_branches": [[73, 74], [73, 75], [95, 96], [95, 107], [108, 109], [108, 111], [111, 112], [111, 123], [124, 125], [124, 126], [139, 140], [139, 152], [141, 142], [141, 153], [146, 147], [146, 149], [170, 171], [170, 177], [172, 173], [172, 177], [180, 181], [180, 184], [181, 182], [181, 185], [210, 211], [210, 220]]}}}, "teof/commands/brief.py": {"executed_lines": [1, 3, 4, 5, 6, 7, 9, 10, 12, 13, 14, 17, 18, 19, 20, 21, 22, 23, 24, 25, 26, 27, 28, 29, 30, 31, 39, 42, 43, 44, 45, 46, 47, 49, 50, 52, 61, 62, 63, 65, 66, 71, 72, 76, 77, 78, 92, 95, 98, 113], "summary": {"covered_lines": 45, "num_statements": 55, "percent_covered": 77.77777777777777, "percent_covered_display": "78", "missing_lines": 10, "excluded_lines": 5, "num_branches": 8, "num_partial_branches": 2, "covered_branches": 4, "missing_branches": 4}, "missing_lines": [67, 68, 70, 73, 74, 94, 99, 101, 104, 110], "excluded_lines": [24, 25, 26, 27, 28], "executed_branches": [[21, 22], [21, 39], [66, 71], [77, 78]], "missing_branches": [[66, 67], [67, 68], [67, 70], [77, 94]], "functions": {"_write_brief_outputs": {"executed_lines": [18, 19, 20, 21, 22, 23, 24, 25, 26, 27, 28, 29, 30, 31, 39], "summary": {"covered_lines": 10, "num_statements": 10, "percent_covered": 100.0, "percent_covered_display": "100", "missing_lines": 0, "excluded_lines": 5, "num_branches": 2, "num_partial_branches": 0, "covered_branches": 2, "missing_branches": 0}, "missing_lines": [], "excluded_lines": [24, 25, 26, 27, 28], "executed_branches": [[21, 22], [21, 39]], "missing_branches": []}, "run": {"executed_lines": [43, 44, 45, 46, 47, 49, 50, 52, 61, 62, 63, 65, 66, 71, 72, 76, 77, 78, 92, 95], "summary": {"covered_lines": 20, "num_statements": 26, "percent_covered": 68.75, "percent_covered_display": "69", "missing_lines": 6, "excluded_lines": 0, "num_branches": 6, "num_partial_branches": 2, "covered_branches": 2, "missing_branches": 4}, "missing_lines": [67, 68, 70, 73, 74, 94], "excluded_lines": [], "executed_branches": [[66, 71], [77, 78]], "missing_branches": [[66, 67], [67, 68], [67, 70], [77, 94]]}, "register": {"executed_lines": [], "summary": {"covered_lines": 0, "num_statements": 4, "percent_covered": 0.0, "percent_covered_display": "0", "missing_lines": 4, "excluded_lines": 0, "num_branches": 0, "num_partial_branches": 0, "covered_branches": 0, "missing_branches": 0}, "missing_lines": [99, 101, 104, 110], "excluded_lines": [], "executed_branches": [], "missing_branches": []}, "": {"executed_lines": [1, 3, 4, 5, 6, 7, 9, 10, 12, 13, 14, 17, 42, 98, 113], "summary": {"covered_lines": 15, "num_statements": 15, "percent_covered": 100.0, "percent_covered_display": "100", "missing_lines": 0, "excluded_lines": 0, "num_branches": 0, "num_partial_branches": 0, "covered_branches": 0, "missing_branches": 0}, "missing_lines": [], "excluded_lines": [], "executed_branches": [], "missing_branches": []}}, "classes": {"": {"executed_lines": [1, 3, 4, 5, 6, 7, 9, 10, 12, 13, 14, 17, 18, 19, 20, 21, 22, 23, 24, 25, 26, 27, 28, 29, 30, 31, 39, 42, 43, 44, 45, 46, 47, 49, 50, 52, 61, 62, 63, 65, 66, 71, 72, 76, 77, 78, 92, 95, 98, 113], "summary": {"covered_lines": 45, "num_statements": 55, "percent_covered": 77.77777777777777, "percent_covered_display": "78", "missing_lines": 10, "excluded_lines": 5, "num_branches": 8, "num_partial_branches": 2, "covered_branches": 4, "missing_branches": 4}, "missing_lines": [67, 68, 70, 73, 74, 94, 99, 101, 104, 110], "excluded_lines": [24, 25, 26, 27, 28], "executed_branches": [[21, 22], [21, 39], [66, 71], [77, 78]], "missing_branches": [[66, 67], [67, 68], [67, 70], [77, 94]]}}}, "teof/commands/bus_claim.py": {"executed_lines": [], "summary": {"covered_lines": 0, "num_statements": 10, "percent_covered": 0.0, "percent_covered_display": "0", "missing_lines": 10, "excluded_lines": 0, "num_branches": 0, "num_partial_branches": 0, "covered_branches": 0, "missing_branches": 0}, "missing_lines": [1, 3, 5, 8, 10, 13, 15, 19, 20, 23], "excluded_lines": [], "executed_branches": [], "missing_branches": [], "functions": {"run": {"executed_lines": [], "summary": {"covered_lines": 0, "num_statements": 1, "percent_covered": 0.0, "percent_covered_display": "0", "missing_lines": 1, "excluded_lines": 0, "num_branches": 0, "num_partial_branches": 0, "covered_branches": 0, "missing_branches": 0}, "missing_lines": [10], "excluded_lines": [], "executed_branches": [], "missing_branches": []}, "register": {"executed_lines": [], "summary": {"covered_lines": 0, "num_statements": 3, "percent_covered": 0.0, "percent_covered_display": "0", "missing_lines": 3, "excluded_lines": 0, "num_branches": 0, "num_partial_branches": 0, "covered_branches": 0, "missing_branches": 0}, "missing_lines": [15, 19, 20], "excluded_lines": [], "executed_branches": [], "missing_branches": []}, "": {"executed_lines": [], "summary": {"covered_lines": 0, "num_statements": 6, "percent_covered": 0.0, "percent_covered_display": "0", "missing_lines": 6, "excluded_lines": 0, "num_branches": 0, "num_partial_branches": 0, "covered_branches": 0, "missing_branches": 0}, "missing_lines": [1, 3, 5, 8, 13, 23], "excluded_lines": [], "executed_branches": [], "missing_branches": []}}, "classes": {"": {"executed_lines": [], "summary": {"covered_lines": 0, "num_statements": 10, "percent_covered": 0.0, "percent_covered_display": "0", "missing_lines": 10, "excluded_lines": 0, "num_branches": 0, "num_partial_branches": 0, "covered_branches": 0, "missing_branches": 0}, "missing_lines": [1, 3, 5, 8, 10, 13, 15, 19, 20, 23], "excluded_lines": [], "executed_branches": [], "missing_branches": []}}}, "teof/commands/bus_event.py": {"executed_lines": [], "summary": {"covered_lines": 0, "num_statements": 15, "percent_covered": 0.0, "percent_covered_display": "0", "missing_lines": 15, "excluded_lines": 0, "num_branches": 2, "num_partial_branches": 0, "covered_branches": 0, "missing_branches": 2}, "missing_lines": [1, 3, 5, 8, 9, 10, 11, 12, 13, 14, 17, 18, 22, 23, 26], "excluded_lines": [], "executed_branches": [], "missing_branches": [[10, 11], [10, 13]], "functions": {"run": {"executed_lines": [], "summary": {"covered_lines": 0, "num_statements": 6, "percent_covered": 0.0, "percent_covered_display": "0", "missing_lines": 6, "excluded_lines": 0, "num_branches": 2, "num_partial_branches": 0, "covered_branches": 0, "missing_branches": 2}, "missing_lines": [9, 10, 11, 12, 13, 14], "excluded_lines": [], "executed_branches": [], "missing_branches": [[10, 11], [10, 13]]}, "register": {"executed_lines": [], "summary": {"covered_lines": 0, "num_statements": 3, "percent_covered": 0.0, "percent_covered_display": "0", "missing_lines": 3, "excluded_lines": 0, "num_branches": 0, "num_partial_branches": 0, "covered_branches": 0, "missing_branches": 0}, "missing_lines": [18, 22, 23], "excluded_lines": [], "executed_branches": [], "missing_branches": []}, "": {"executed_lines": [], "summary": {"covered_lines": 0, "num_statements": 6, "percent_covered": 0.0, "percent_covered_display": "0", "missing_lines": 6, "excluded_lines": 0, "num_branches": 0, "num_partial_branches": 0, "covered_branches": 0, "missing_branches": 0}, "missing_lines": [1, 3, 5, 8, 17, 26], "excluded_lines": [], "executed_branches": [], "missing_branches": []}}, "classes": {"": {"executed_lines": [], "summary": {"covered_lines": 0, "num_statements": 15, "percent_covered": 0.0, "percent_covered_display": "0", "missing_lines": 15, "excluded_lines": 0, "num_branches": 2, "num_partial_branches": 0, "covered_branches": 0, "missing_branches": 2}, "missing_lines": [1, 3, 5, 8, 9, 10, 11, 12, 13, 14, 17, 18, 22, 23, 26], "excluded_lines": [], "executed_branches": [], "missing_branches": [[10, 11], [10, 13]]}}}, "teof/commands/bus_guard.py": {"executed_lines": [], "summary": {"covered_lines": 0, "num_statements": 37, "percent_covered": 0.0, "percent_covered_display": "0", "missing_lines": 37, "excluded_lines": 0, "num_branches": 8, "num_partial_branches": 0, "covered_branches": 0, "missing_branches": 8}, "missing_lines": [1, 3, 4, 5, 7, 8, 11, 12, 13, 16, 17, 18, 19, 20, 21, 22, 23, 24, 25, 26, 29, 30, 31, 32, 33, 34, 35, 41, 43, 44, 45, 48, 49, 50, 55, 61, 64], "excluded_lines": [], "executed_branches": [], "missing_branches": [[17, 18], [17, 19], [20, 21], [20, 26], [22, 23], [22, 24], [34, 35], [34, 43]], "functions": {"_issue_payload": {"executed_lines": [], "summary": {"covered_lines": 0, "num_statements": 2, "percent_covered": 0.0, "percent_covered_display": "0", "missing_lines": 2, "excluded_lines": 0, "num_branches": 0, "num_partial_branches": 0, "covered_branches": 0, "missing_branches": 0}, "missing_lines": [12, 13], "excluded_lines": [], "executed_branches": [], "missing_branches": []}, "_render_text": {"executed_lines": [], "summary": {"covered_lines": 0, "num_statements": 10, "percent_covered": 0.0, "percent_covered_display": "0", "missing_lines": 10, "excluded_lines": 0, "num_branches": 6, "num_partial_branches": 0, "covered_branches": 0, "missing_branches": 6}, "missing_lines": [17, 18, 19, 20, 21, 22, 23, 24, 25, 26], "excluded_lines": [], "executed_branches": [], "missing_branches": [[17, 18], [17, 19], [20, 21], [20, 26], [22, 23], [22, 24]]}, "run": {"executed_lines": [], "summary": {"covered_lines": 0, "num_statements": 10, "percent_covered": 0.0, "percent_covered_display": "0", "missing_lines": 10, "excluded_lines": 0, "num_branches": 2, "num_partial_branches": 0, "covered_branches": 0, "missing_branches": 2}, "missing_lines": [30, 31, 32, 33, 34, 35, 41, 43, 44, 45], "excluded_lines": [], "executed_branches": [], "missing_branches": [[34, 35], [34, 43]]}, "register": {"executed_lines": [], "summary": {"covered_lines": 0, "num_statements": 4, "percent_covered": 0.0, "percent_covered_display": "0", "missing_lines": 4, "excluded_lines": 0, "num_branches": 0, "num_partial_branches": 0, "covered_branches": 0, "missing_branches": 0}, "missing_lines": [49, 50, 55, 61], "excluded_lines": [], "executed_branches": [], "missing_branches": []}, "": {"executed_lines": [], "summary": {"covered_lines": 0, "num_statements": 11, "percent_covered": 0.0, "percent_covered_display": "0", "missing_lines": 11, "excluded_lines": 0, "num_branches": 0, "num_partial_branches": 0, "covered_branches": 0, "missing_branches": 0}, "missing_lines": [1, 3, 4, 5, 7, 8, 11, 16, 29, 48, 64], "excluded_lines": [], "executed_branches": [], "missing_branches": []}}, "classes": {"": {"executed_lines": [], "summary": {"covered_lines": 0, "num_statements": 37, "percent_covered": 0.0, "percent_covered_display": "0", "missing_lines": 37, "excluded_lines": 0, "num_branches": 8, "num_partial_branches": 0, "covered_branches": 0, "missing_branches": 8}, "missing_lines": [1, 3, 4, 5, 7, 8, 11, 12, 13, 16, 17, 18, 19, 20, 21, 22, 23, 24, 25, 26, 29, 30, 31, 32, 33, 34, 35, 41, 43, 44, 45, 48, 49, 50, 55, 61, 64], "excluded_lines": [], "executed_branches": [], "missing_branches": [[17, 18], [17, 19], [20, 21], [20, 26], [22, 23], [22, 24], [34, 35], [34, 43]]}}}, "teof/commands/bus_message.py": {"executed_lines": [], "summary": {"covered_lines": 0, "num_statements": 10, "percent_covered": 0.0, "percent_covered_display": "0", "missing_lines": 10, "excluded_lines": 0, "num_branches": 0, "num_partial_branches": 0, "covered_branches": 0, "missing_branches": 0}, "missing_lines": [1, 3, 5, 8, 9, 12, 13, 17, 18, 21], "excluded_lines": [], "executed_branches": [], "missing_branches": [], "functions": {"run": {"executed_lines": [], "summary": {"covered_lines": 0, "num_statements": 1, "percent_covered": 0.0, "percent_covered_display": "0", "missing_lines": 1, "excluded_lines": 0, "num_branches": 0, "num_partial_branches": 0, "covered_branches": 0, "missing_branches": 0}, "missing_lines": [9], "excluded_lines": [], "executed_branches": [], "missing_branches": []}, "register": {"executed_lines": [], "summary": {"covered_lines": 0, "num_statements": 3, "percent_covered": 0.0, "percent_covered_display": "0", "missing_lines": 3, "excluded_lines": 0, "num_branches": 0, "num_partial_branches": 0, "covered_branches": 0, "missing_branches": 0}, "missing_lines": [13, 17, 18], "excluded_lines": [], "executed_branches": [], "missing_branches": []}, "": {"executed_lines": [], "summary": {"covered_lines": 0, "num_statements": 6, "percent_covered": 0.0, "percent_covered_display": "0", "missing_lines": 6, "excluded_lines": 0, "num_branches": 0, "num_partial_branches": 0, "covered_branches": 0, "missing_branches": 0}, "missing_lines": [1, 3, 5, 8, 12, 21], "excluded_lines": [], "executed_branches": [], "missing_branches": []}}, "classes": {"": {"executed_lines": [], "summary": {"covered_lines": 0, "num_statements": 10, "percent_covered": 0.0, "percent_covered_display": "0", "missing_lines": 10, "excluded_lines": 0, "num_branches": 0, "num_partial_branches": 0, "covered_branches": 0, "missing_branches": 0}, "missing_lines": [1, 3, 5, 8, 9, 12, 13, 17, 18, 21], "excluded_lines": [], "executed_branches": [], "missing_branches": []}}}, "teof/commands/bus_status.py": {"executed_lines": [], "summary": {"covered_lines": 0, "num_statements": 10, "percent_covered": 0.0, "percent_covered_display": "0", "missing_lines": 10, "excluded_lines": 0, "num_branches": 0, "num_partial_branches": 0, "covered_branches": 0, "missing_branches": 0}, "missing_lines": [1, 3, 5, 8, 10, 13, 15, 19, 20, 23], "excluded_lines": [], "executed_branches": [], "missing_branches": [], "functions": {"run": {"executed_lines": [], "summary": {"covered_lines": 0, "num_statements": 1, "percent_covered": 0.0, "percent_covered_display": "0", "missing_lines": 1, "excluded_lines": 0, "num_branches": 0, "num_partial_branches": 0, "covered_branches": 0, "missing_branches": 0}, "missing_lines": [10], "excluded_lines": [], "executed_branches": [], "missing_branches": []}, "register": {"executed_lines": [], "summary": {"covered_lines": 0, "num_statements": 3, "percent_covered": 0.0, "percent_covered_display": "0", "missing_lines": 3, "excluded_lines": 0, "num_branches": 0, "num_partial_branches": 0, "covered_branches": 0, "missing_branches": 0}, "missing_lines": [15, 19, 20], "excluded_lines": [], "executed_branches": [], "missing_branches": []}, "": {"executed_lines": [], "summary": {"covered_lines": 0, "num_statements": 6, "percent_covered": 0.0, "percent_covered_display": "0", "missing_lines": 6, "excluded_lines": 0, "num_branches": 0, "num_partial_branches": 0, "covered_branches": 0, "missing_branches": 0}, "missing_lines": [1, 3, 5, 8, 13, 23], "excluded_lines": [], "executed_branches": [], "missing_branches": []}}, "classes": {"": {"executed_lines": [], "summary": {"covered_lines": 0, "num_statements": 10, "percent_covered": 0.0, "percent_covered_display": "0", "missing_lines": 10, "excluded_lines": 0, "num_branches": 0, "num_partial_branches": 0, "covered_branches": 0, "missing_branches": 0}, "missing_lines": [1, 3, 5, 8, 10, 13, 15, 19, 20, 23], "excluded_lines": [], "executed_branches": [], "missing_branches": []}}}, "teof/commands/bus_watch.py": {"executed_lines": [], "summary": {"covered_lines": 0, "num_statements": 10, "percent_covered": 0.0, "percent_covered_display": "0", "missing_lines": 10, "excluded_lines": 0, "num_branches": 0, "num_partial_branches": 0, "covered_branches": 0, "missing_branches": 0}, "missing_lines": [1, 3, 5, 8, 10, 13, 15, 19, 20, 23], "excluded_lines": [], "executed_branches": [], "missing_branches": [], "functions": {"run": {"executed_lines": [], "summary": {"covered_lines": 0, "num_statements": 1, "percent_covered": 0.0, "percent_covered_display": "0", "missing_lines": 1, "excluded_lines": 0, "num_branches": 0, "num_partial_branches": 0, "covered_branches": 0, "missing_branches": 0}, "missing_lines": [10], "excluded_lines": [], "executed_branches": [], "missing_branches": []}, "register": {"executed_lines": [], "summary": {"covered_lines": 0, "num_statements": 3, "percent_covered": 0.0, "percent_covered_display": "0", "missing_lines": 3, "excluded_lines": 0, "num_branches": 0, "num_partial_branches": 0, "covered_branches": 0, "missing_branches": 0}, "missing_lines": [15, 19, 20], "excluded_lines": [], "executed_branches": [], "missing_branches": []}, "": {"executed_lines": [], "summary": {"covered_lines": 0, "num_statements": 6, "percent_covered": 0.0, "percent_covered_display": "0", "missing_lines": 6, "excluded_lines": 0, "num_branches": 0, "num_partial_branches": 0, "covered_branches": 0, "missing_branches": 0}, "missing_lines": [1, 3, 5, 8, 13, 23], "excluded_lines": [], "executed_branches": [], "missing_branches": []}}, "classes": {"": {"executed_lines": [], "summary": {"covered_lines": 0, "num_statements": 10, "percent_covered": 0.0, "percent_covered_display": "0", "missing_lines": 10, "excluded_lines": 0, "num_branches": 0, "num_partial_branches": 0, "covered_branches": 0, "missing_branches": 0}, "missing_lines": [1, 3, 5, 8, 10, 13, 15, 19, 20, 23], "excluded_lines": [], "executed_branches": [], "missing_branches": []}}}, "teof/commands/convergence_metrics.py": {"executed_lines": [], "summary": {"covered_lines": 0, "num_statements": 9, "percent_covered": 0.0, "percent_covered_display": "0", "missing_lines": 9, "excluded_lines": 0, "num_branches": 0, "num_partial_branches": 0, "covered_branches": 0, "missing_branches": 0}, "missing_lines": [1, 3, 6, 7, 10, 11, 15, 16, 19], "excluded_lines": [], "executed_branches": [], "missing_branches": [], "functions": {"run": {"executed_lines": [], "summary": {"covered_lines": 0, "num_statements": 1, "percent_covered": 0.0, "percent_covered_display": "0", "missing_lines": 1, "excluded_lines": 0, "num_branches": 0, "num_partial_branches": 0, "covered_branches": 0, "missing_branches": 0}, "missing_lines": [7], "excluded_lines": [], "executed_branches": [], "missing_branches": []}, "register": {"executed_lines": [], "summary": {"covered_lines": 0, "num_statements": 3, "percent_covered": 0.0, "percent_covered_display": "0", "missing_lines": 3, "excluded_lines": 0, "num_branches": 0, "num_partial_branches": 0, "covered_branches": 0, "missing_branches": 0}, "missing_lines": [11, 15, 16], "excluded_lines": [], "executed_branches": [], "missing_branches": []}, "": {"executed_lines": [], "summary": {"covered_lines": 0, "num_statements": 5, "percent_covered": 0.0, "percent_covered_display": "0", "missing_lines": 5, "excluded_lines": 0, "num_branches": 0, "num_partial_branches": 0, "covered_branches": 0, "missing_branches": 0}, "missing_lines": [1, 3, 6, 10, 19], "excluded_lines": [], "executed_branches": [], "missing_branches": []}}, "classes": {"": {"executed_lines": [], "summary": {"covered_lines": 0, "num_statements": 9, "percent_covered": 0.0, "percent_covered_display": "0", "missing_lines": 9, "excluded_lines": 0, "num_branches": 0, "num_partial_branches": 0, "covered_branches": 0, "missing_branches": 0}, "missing_lines": [1, 3, 6, 7, 10, 11, 15, 16, 19], "excluded_lines": [], "executed_branches": [], "missing_branches": []}}}, "teof/commands/critic.py": {"executed_lines": [], "summary": {"covered_lines": 0, "num_statements": 38, "percent_covered": 0.0, "percent_covered_display": "0", "missing_lines": 38, "excluded_lines": 0, "num_branches": 14, "num_partial_branches": 0, "covered_branches": 0, "missing_branches": 14}, "missing_lines": [1, 3, 4, 5, 7, 9, 12, 13, 14, 15, 17, 19, 20, 21, 22, 23, 24, 26, 27, 28, 29, 30, 31, 32, 33, 34, 35, 36, 37, 38, 41, 42, 44, 48, 54, 59, 64, 67], "excluded_lines": [], "executed_branches": [], "missing_branches": [[14, 15], [14, 17], [21, 22], [21, 26], [26, 27], [26, 38], [27, 28], [27, 30], [31, 32], [31, 34], [34, 35], [34, 38], [36, 37], [36, 38]], "functions": {"run": {"executed_lines": [], "summary": {"covered_lines": 0, "num_statements": 23, "percent_covered": 0.0, "percent_covered_display": "0", "missing_lines": 23, "excluded_lines": 0, "num_branches": 14, "num_partial_branches": 0, "covered_branches": 0, "missing_branches": 14}, "missing_lines": [13, 14, 15, 17, 19, 20, 21, 22, 23, 24, 26, 27, 28, 29, 30, 31, 32, 33, 34, 35, 36, 37, 38], "excluded_lines": [], "executed_branches": [], "missing_branches": [[14, 15], [14, 17], [21, 22], [21, 26], [26, 27], [26, 38], [27, 28], [27, 30], [31, 32], [31, 34], [34, 35], [34, 38], [36, 37], [36, 38]]}, "register": {"executed_lines": [], "summary": {"covered_lines": 0, "num_statements": 6, "percent_covered": 0.0, "percent_covered_display": "0", "missing_lines": 6, "excluded_lines": 0, "num_branches": 0, "num_partial_branches": 0, "covered_branches": 0, "missing_branches": 0}, "missing_lines": [42, 44, 48, 54, 59, 64], "excluded_lines": [], "executed_branches": [], "missing_branches": []}, "": {"executed_lines": [], "summary": {"covered_lines": 0, "num_statements": 9, "percent_covered": 0.0, "percent_covered_display": "0", "missing_lines": 9, "excluded_lines": 0, "num_branches": 0, "num_partial_branches": 0, "covered_branches": 0, "missing_branches": 0}, "missing_lines": [1, 3, 4, 5, 7, 9, 12, 41, 67], "excluded_lines": [], "executed_branches": [], "missing_branches": []}}, "classes": {"": {"executed_lines": [], "summary": {"covered_lines": 0, "num_statements": 38, "percent_covered": 0.0, "percent_covered_display": "0", "missing_lines": 38, "excluded_lines": 0, "num_branches": 14, "num_partial_branches": 0, "covered_branches": 0, "missing_branches": 14}, "missing_lines": [1, 3, 4, 5, 7, 9, 12, 13, 14, 15, 17, 19, 20, 21, 22, 23, 24, 26, 27, 28, 29, 30, 31, 32, 33, 34, 35, 36, 37, 38, 41, 42, 44, 48, 54, 59, 64, 67], "excluded_lines": [], "executed_branches": [], "missing_branches": [[14, 15], [14, 17], [21, 22], [21, 26], [26, 27], [26, 38], [27, 28], [27, 30], [31, 32], [31, 34], [34, 35], [34, 38], [36, 37], [36, 38]]}}}, "teof/commands/deadlock.py": {"executed_lines": [], "summary": {"covered_lines": 0, "num_statements": 75, "percent_covered": 0.0, "percent_covered_display": "0", "missing_lines": 75, "excluded_lines": 3, "num_branches": 16, "num_partial_branches": 0, "covered_branches": 0, "missing_branches": 16}, "missing_lines": [1, 3, 4, 5, 6, 7, 8, 9, 10, 11, 14, 15, 16, 17, 18, 21, 22, 23, 24, 25, 26, 29, 30, 37, 38, 39, 42, 43, 44, 45, 46, 47, 48, 49, 50, 51, 52, 55, 61, 62, 63, 65, 66, 67, 68, 69, 70, 71, 72, 73, 76, 77, 80, 81, 86, 87, 88, 89, 91, 92, 95, 96, 97, 106, 119, 120, 122, 124, 127, 128, 132, 133, 139, 145, 148], "excluded_lines": [102, 103, 104], "executed_branches": [], "missing_branches": [[37, 38], [37, 39], [44, 45], [44, 52], [46, 47], [46, 49], [50, 44], [50, 51], [67, 68], [67, 70], [70, 71], [70, 73], [86, 87], [86, 91], [119, 120], [119, 122]], "functions": {"_git_status": {"executed_lines": [], "summary": {"covered_lines": 0, "num_statements": 4, "percent_covered": 0.0, "percent_covered_display": "0", "missing_lines": 4, "excluded_lines": 0, "num_branches": 2, "num_partial_branches": 0, "covered_branches": 0, "missing_branches": 2}, "missing_lines": [30, 37, 38, 39], "excluded_lines": [], "executed_branches": [], "missing_branches": [[37, 38], [37, 39]]}, "_parse_plan_ids": {"executed_lines": [], "summary": {"covered_lines": 0, "num_statements": 10, "percent_covered": 0.0, "percent_covered_display": "0", "missing_lines": 10, "excluded_lines": 0, "num_branches": 6, "num_partial_branches": 0, "covered_branches": 0, "missing_branches": 6}, "missing_lines": [43, 44, 45, 46, 47, 48, 49, 50, 51, 52], "excluded_lines": [], "executed_branches": [], "missing_branches": [[44, 45], [44, 52], [46, 47], [46, 49], [50, 44], [50, 51]]}, "detect_deadlock": {"executed_lines": [], "summary": {"covered_lines": 0, "num_statements": 12, "percent_covered": 0.0, "percent_covered_display": "0", "missing_lines": 12, "excluded_lines": 0, "num_branches": 4, "num_partial_branches": 0, "covered_branches": 0, "missing_branches": 4}, "missing_lines": [61, 62, 63, 65, 66, 67, 68, 69, 70, 71, 72, 73], "excluded_lines": [], "executed_branches": [], "missing_branches": [[67, 68], [67, 70], [70, 71], [70, 73]]}, "_timestamp": {"executed_lines": [], "summary": {"covered_lines": 0, "num_statements": 1, "percent_covered": 0.0, "percent_covered_display": "0", "missing_lines": 1, "excluded_lines": 0, "num_branches": 0, "num_partial_branches": 0, "covered_branches": 0, "missing_branches": 0}, "missing_lines": [77], "excluded_lines": [], "executed_branches": [], "missing_branches": []}, "_summary": {"executed_lines": [], "summary": {"covered_lines": 0, "num_statements": 7, "percent_covered": 0.0, "percent_covered_display": "0", "missing_lines": 7, "excluded_lines": 0, "num_branches": 2, "num_partial_branches": 0, "covered_branches": 0, "missing_branches": 2}, "missing_lines": [81, 86, 87, 88, 89, 91, 92], "excluded_lines": [], "executed_branches": [], "missing_branches": [[86, 87], [86, 91]]}, "run": {"executed_lines": [], "summary": {"covered_lines": 0, "num_statements": 7, "percent_covered": 0.0, "percent_covered_display": "0", "missing_lines": 7, "excluded_lines": 3, "num_branches": 2, "num_partial_branches": 0, "covered_branches": 0, "missing_branches": 2}, "missing_lines": [96, 97, 106, 119, 120, 122, 124], "excluded_lines": [102, 103, 104], "executed_branches": [], "missing_branches": [[119, 120], [119, 122]]}, "register": {"executed_lines": [], "summary": {"covered_lines": 0, "num_statements": 5, "percent_covered": 0.0, "percent_covered_display": "0", "missing_lines": 5, "excluded_lines": 0, "num_branches": 0, "num_partial_branches": 0, "covered_branches": 0, "missing_branches": 0}, "missing_lines": [128, 132, 133, 139, 145], "excluded_lines": [], "executed_branches": [], "missing_branches": []}, "": {"executed_lines": [], "summary": {"covered_lines": 0, "num_statements": 29, "percent_covered": 0.0, "percent_covered_display": "0", "missing_lines": 29, "excluded_lines": 0, "num_branches": 0, "num_partial_branches": 0, "covered_branches": 0, "missing_branches": 0}, "missing_lines": [1, 3, 4, 5, 6, 7, 8, 9, 10, 11, 14, 15, 16, 17, 18, 21, 22, 23, 24, 25, 26, 29, 42, 55, 76, 80, 95, 127, 148], "excluded_lines": [], "executed_branches": [], "missing_branches": []}}, "classes": {"DeadlockSignal": {"executed_lines": [], "summary": {"covered_lines": 0, "num_statements": 0, "percent_covered": 100.0, "percent_covered_display": "100", "missing_lines": 0, "excluded_lines": 0, "num_branches": 0, "num_partial_branches": 0, "covered_branches": 0, "missing_branches": 0}, "missing_lines": [], "excluded_lines": [], "executed_branches": [], "missing_branches": []}, "": {"executed_lines": [], "summary": {"covered_lines": 0, "num_statements": 75, "percent_covered": 0.0, "percent_covered_display": "0", "missing_lines": 75, "excluded_lines": 3, "num_branches": 16, "num_partial_branches": 0, "covered_branches": 0, "missing_branches": 16}, "missing_lines": [1, 3, 4, 5, 6, 7, 8, 9, 10, 11, 14, 15, 16, 17, 18, 21, 22, 23, 24, 25, 26, 29, 30, 37, 38, 39, 42, 43, 44, 45, 46, 47, 48, 49, 50, 51, 52, 55, 61, 62, 63, 65, 66, 67, 68, 69, 70, 71, 72, 73, 76, 77, 80, 81, 86, 87, 88, 89, 91, 92, 95, 96, 97, 106, 119, 120, 122, 124, 127, 128, 132, 133, 139, 145, 148], "excluded_lines": [102, 103, 104], "executed_branches": [], "missing_branches": [[37, 38], [37, 39], [44, 45], [44, 52], [46, 47], [46, 49], [50, 44], [50, 51], [67, 68], [67, 70], [70, 71], [70, 73], [86, 87], [86, 91], [119, 120], [119, 122]]}}}, "teof/commands/ethics.py": {"executed_lines": [], "summary": {"covered_lines": 0, "num_statements": 38, "percent_covered": 0.0, "percent_covered_display": "0", "missing_lines": 38, "excluded_lines": 0, "num_branches": 14, "num_partial_branches": 0, "covered_branches": 0, "missing_branches": 14}, "missing_lines": [1, 3, 4, 5, 7, 9, 12, 13, 14, 15, 17, 19, 20, 21, 22, 23, 24, 26, 27, 28, 29, 30, 31, 32, 33, 34, 35, 36, 37, 38, 41, 42, 44, 48, 54, 59, 64, 67], "excluded_lines": [], "executed_branches": [], "missing_branches": [[14, 15], [14, 17], [21, 22], [21, 26], [26, 27], [26, 38], [27, 28], [27, 30], [31, 32], [31, 34], [34, 35], [34, 38], [36, 37], [36, 38]], "functions": {"run": {"executed_lines": [], "summary": {"covered_lines": 0, "num_statements": 23, "percent_covered": 0.0, "percent_covered_display": "0", "missing_lines": 23, "excluded_lines": 0, "num_branches": 14, "num_partial_branches": 0, "covered_branches": 0, "missing_branches": 14}, "missing_lines": [13, 14, 15, 17, 19, 20, 21, 22, 23, 24, 26, 27, 28, 29, 30, 31, 32, 33, 34, 35, 36, 37, 38], "excluded_lines": [], "executed_branches": [], "missing_branches": [[14, 15], [14, 17], [21, 22], [21, 26], [26, 27], [26, 38], [27, 28], [27, 30], [31, 32], [31, 34], [34, 35], [34, 38], [36, 37], [36, 38]]}, "register": {"executed_lines": [], "summar
[...]
ches": 0, "missing_branches": 8}, "missing_lines": [3, 5, 6, 7, 10, 11, 12, 13, 14, 15, 16, 17, 18, 19, 20, 21, 22, 25, 26, 27, 28, 29, 30, 31, 40, 41, 42, 43, 45, 46, 47, 48, 51, 52], "excluded_lines": [], "executed_branches": [], "missing_branches": [[12, 13], [12, 14], [14, 15], [14, 22], [16, 17], [16, 18], [51, -2], [51, 52]], "functions": {"load_entries": {"executed_lines": [], "summary": {"covered_lines": 0, "num_statements": 12, "percent_covered": 0.0, "percent_covered_display": "0", "missing_lines": 12, "excluded_lines": 0, "num_branches": 6, "num_partial_branches": 0, "covered_branches": 0, "missing_branches": 6}, "missing_lines": [11, 12, 13, 14, 15, 16, 17, 18, 19, 20, 21, 22], "excluded_lines": [], "executed_branches": [], "missing_branches": [[12, 13], [12, 14], [14, 15], [14, 22], [16, 17], [16, 18]]}, "summarize": {"executed_lines": [], "summary": {"covered_lines": 0, "num_statements": 6, "percent_covered": 0.0, "percent_covered_display": "0", "missing_lines": 6, "excluded_lines": 0, "num_branches": 0, "num_partial_branches": 0, "covered_branches": 0, "missing_branches": 0}, "missing_lines": [26, 27, 28, 29, 30, 31], "excluded_lines": [], "executed_branches": [], "missing_branches": []}, "main": {"executed_lines": [], "summary": {"covered_lines": 0, "num_statements": 7, "percent_covered": 0.0, "percent_covered_display": "0", "missing_lines": 7, "excluded_lines": 0, "num_branches": 0, "num_partial_branches": 0, "covered_branches": 0, "missing_branches": 0}, "missing_lines": [41, 42, 43, 45, 46, 47, 48], "excluded_lines": [], "executed_branches": [], "missing_branches": []}, "": {"executed_lines": [], "summary": {"covered_lines": 0, "num_statements": 9, "percent_covered": 0.0, "percent_covered_display": "0", "missing_lines": 9, "excluded_lines": 0, "num_branches": 2, "num_partial_branches": 0, "covered_branches": 0, "missing_branches": 2}, "missing_lines": [3, 5, 6, 7, 10, 25, 40, 51, 52], "excluded_lines": [], "executed_branches": [], "missing_branches": [[51, -2], [51, 52]]}}, "classes": {"": {"executed_lines": [], "summary": {"covered_lines": 0, "num_statements": 34, "percent_covered": 0.0, "percent_covered_display": "0", "missing_lines": 34, "excluded_lines": 0, "num_branches": 8, "num_partial_branches": 0, "covered_branches": 0, "missing_branches": 8}, "missing_lines": [3, 5, 6, 7, 10, 11, 12, 13, 14, 15, 16, 17, 18, 19, 20, 21, 22, 25, 26, 27, 28, 29, 30, 31, 40, 41, 42, 43, 45, 46, 47, 48, 51, 52], "excluded_lines": [], "executed_branches": [], "missing_branches": [[12, 13], [12, 14], [14, 15], [14, 22], [16, 17], [16, 18], [51, -2], [51, 52]]}}}, "tools/reconcile_pipeline.py": {"executed_lines": [], "summary": {"covered_lines": 0, "num_statements": 63, "percent_covered": 0.0, "percent_covered_display": "0", "missing_lines": 63, "excluded_lines": 0, "num_branches": 10, "num_partial_branches": 0, "covered_branches": 0, "missing_branches": 10}, "missing_lines": [3, 5, 6, 7, 8, 9, 10, 12, 13, 14, 15, 17, 19, 20, 21, 22, 25, 26, 29, 30, 31, 32, 33, 34, 35, 36, 38, 39, 41, 42, 43, 44, 45, 46, 47, 48, 49, 50, 52, 53, 54, 56, 57, 58, 59, 61, 62, 63, 64, 66, 75, 76, 77, 78, 79, 81, 82, 93, 94, 95, 96, 99, 100], "excluded_lines": [], "executed_branches": [], "missing_branches": [[14, 15], [14, 17], [43, 44], [43, 45], [45, 46], [45, 47], [48, 49], [48, 52], [99, -2], [99, 100]], "functions": {"run": {"executed_lines": [], "summary": {"covered_lines": 0, "num_statements": 1, "percent_covered": 0.0, "percent_covered_display": "0", "missing_lines": 1, "excluded_lines": 0, "num_branches": 0, "num_partial_branches": 0, "covered_branches": 0, "missing_branches": 0}, "missing_lines": [26], "excluded_lines": [], "executed_branches": [], "missing_branches": []}, "main": {"executed_lines": [], "summary": {"covered_lines": 0, "num_statements": 42, "percent_covered": 0.0, "percent_covered_display": "0", "missing_lines": 42, "excluded_lines": 0, "num_branches": 6, "num_partial_branches": 0, "covered_branches": 0, "missing_branches": 6}, "missing_lines": [30, 31, 32, 33, 34, 35, 36, 38, 39, 41, 42, 43, 44, 45, 46, 47, 48, 49, 50, 52, 53, 54, 56, 57, 58, 59, 61, 62, 63, 64, 66, 75, 76, 77, 78, 79, 81, 82, 93, 94, 95, 96], "excluded_lines": [], "executed_branches": [], "missing_branches": [[43, 44], [43, 45], [45, 46], [45, 47], [48, 49], [48, 52]]}, "": {"executed_lines": [], "summary": {"covered_lines": 0, "num_statements": 20, "percent_covered": 0.0, "percent_covered_display": "0", "missing_lines": 20, "excluded_lines": 0, "num_branches": 4, "num_partial_branches": 0, "covered_branches": 0, "missing_branches": 4}, "missing_lines": [3, 5, 6, 7, 8, 9, 10, 12, 13, 14, 15, 17, 19, 20, 21, 22, 25, 29, 99, 100], "excluded_lines": [], "executed_branches": [], "missing_branches": [[14, 15], [14, 17], [99, -2], [99, 100]]}}, "classes": {"": {"executed_lines": [], "summary": {"covered_lines": 0, "num_statements": 63, "percent_covered": 0.0, "percent_covered_display": "0", "missing_lines": 63, "excluded_lines": 0, "num_branches": 10, "num_partial_branches": 0, "covered_branches": 0, "missing_branches": 10}, "missing_lines": [3, 5, 6, 7, 8, 9, 10, 12, 13, 14, 15, 17, 19, 20, 21, 22, 25, 26, 29, 30, 31, 32, 33, 34, 35, 36, 38, 39, 41, 42, 43, 44, 45, 46, 47, 48, 49, 50, 52, 53, 54, 56, 57, 58, 59, 61, 62, 63, 64, 66, 75, 76, 77, 78, 79, 81, 82, 93, 94, 95, 96, 99, 100], "excluded_lines": [], "executed_branches": [], "missing_branches": [[14, 15], [14, 17], [43, 44], [43, 45], [45, 46], [45, 47], [48, 49], [48, 52], [99, -2], [99, 100]]}}}, "tools/reconcile_utils.py": {"executed_lines": [], "summary": {"covered_lines": 0, "num_statements": 42, "percent_covered": 0.0, "percent_covered_display": "0", "missing_lines": 42, "excluded_lines": 0, "num_branches": 18, "num_partial_branches": 0, "covered_branches": 0, "missing_branches": 18}, "missing_lines": [2, 4, 5, 6, 9, 11, 12, 13, 14, 17, 18, 19, 22, 23, 24, 25, 26, 27, 28, 29, 30, 33, 34, 35, 37, 38, 39, 40, 41, 42, 43, 44, 45, 47, 50, 52, 53, 54, 55, 56, 57, 60], "excluded_lines": [], "executed_branches": [], "missing_branches": [[12, 13], [12, 14], [18, -17], [18, 19], [27, 28], [27, 29], [29, -22], [29, 30], [37, 38], [37, 43], [39, 40], [39, 41], [41, 37], [41, 42], [43, 44], [43, 47], [44, 43], [44, 45]], "functions": {"load_packet": {"executed_lines": [], "summary": {"covered_lines": 0, "num_statements": 4, "percent_covered": 0.0, "percent_covered_display": "0", "missing_lines": 4, "excluded_lines": 0, "num_branches": 2, "num_partial_branches": 0, "covered_branches": 0, "missing_branches": 2}, "missing_lines": [11, 12, 13, 14], "excluded_lines": [], "executed_branches": [], "missing_branches": [[12, 13], [12, 14]]}, "_compare_hash": {"executed_lines": [], "summary": {"covered_lines": 0, "num_statements": 2, "percent_covered": 0.0, "percent_covered_display": "0", "missing_lines": 2, "excluded_lines": 0, "num_branches": 2, "num_partial_branches": 0, "covered_branches": 0, "missing_branches": 2}, "missing_lines": [18, 19], "excluded_lines": [], "executed_branches": [], "missing_branches": [[18, -17], [18, 19]]}, "_compare_capabilities": {"executed_lines": [], "summary": {"covered_lines": 0, "num_statements": 8, "percent_covered": 0.0, "percent_covered_display": "0", "missing_lines": 8, "excluded_lines": 0, "num_branches": 4, "num_partial_branches": 0, "covered_branches": 0, "missing_branches": 4}, "missing_lines": [23, 24, 25, 26, 27, 28, 29, 30], "excluded_lines": [], "executed_branches": [], "missing_branches": [[27, 28], [27, 29], [29, -22], [29, 30]]}, "_compare_receipts": {"executed_lines": [], "summary": {"covered_lines": 0, "num_statements": 12, "percent_covered": 0.0, "percent_covered_display": "0", "missing_lines": 12, "excluded_lines": 0, "num_branches": 10, "num_partial_branches": 0, "covered_branches": 0, "missing_branches": 10}, "missing_lines": [34, 35, 37, 38, 39, 40, 41, 42, 43, 44, 45, 47], "excluded_lines": [], "executed_branches": [], "missing_branches": [[37, 38], [37, 43], [39, 40], [39, 41], [41, 37], [41, 42], [43, 44], [43, 47], [44, 43], [44, 45]]}, "compare_packets": {"executed_lines": [], "summary": {"covered_lines": 0, "num_statements": 6, "percent_covered": 0.0, "percent_covered_display": "0", "missing_lines": 6, "excluded_lines": 0, "num_branches": 0, "num_partial_branches": 0, "covered_branches": 0, "missing_branches": 0}, "missing_lines": [52, 53, 54, 55, 56, 57], "excluded_lines": [], "executed_branches": [], "missing_branches": []}, "": {"executed_lines": [], "summary": {"covered_lines": 0, "num_statements": 10, "percent_covered": 0.0, "percent_covered_display": "0", "missing_lines": 10, "excluded_lines": 0, "num_branches": 0, "num_partial_branches": 0, "covered_branches": 0, "missing_branches": 0}, "missing_lines": [2, 4, 5, 6, 9, 17, 22, 33, 50, 60], "excluded_lines": [], "executed_branches": [], "missing_branches": []}}, "classes": {"": {"executed_lines": [], "summary": {"covered_lines": 0, "num_statements": 42, "percent_covered": 0.0, "percent_covered_display": "0", "missing_lines": 42, "excluded_lines": 0, "num_branches": 18, "num_partial_branches": 0, "covered_branches": 0, "missing_branches": 18}, "missing_lines": [2, 4, 5, 6, 9, 11, 12, 13, 14, 17, 18, 19, 22, 23, 24, 25, 26, 27, 28, 29, 30, 33, 34, 35, 37, 38, 39, 40, 41, 42, 43, 44, 45, 47, 50, 52, 53, 54, 55, 56, 57, 60], "excluded_lines": [], "executed_branches": [], "missing_branches": [[12, 13], [12, 14], [18, -17], [18, 19], [27, 28], [27, 29], [29, -22], [29, 30], [37, 38], [37, 43], [39, 40], [39, 41], [41, 37], [41, 42], [43, 44], [43, 47], [44, 43], [44, 45]]}}}, "tools/reference/__init__.py": {"executed_lines": [], "summary": {"covered_lines": 0, "num_statements": 0, "percent_covered": 100.0, "percent_covered_display": "100", "missing_lines": 0, "excluded_lines": 0, "num_branches": 0, "num_partial_branches": 0, "covered_branches": 0, "missing_branches": 0}, "missing_lines": [], "excluded_lines": [], "executed_branches": [], "missing_branches": [], "functions": {"": {"executed_lines": [], "summary": {"covered_lines": 0, "num_statements": 0, "percent_covered": 100.0, "percent_covered_display": "100", "missing_lines": 0, "excluded_lines": 0, "num_branches": 0, "num_partial_branches": 0, "covered_branches": 0, "missing_branches": 0}, "missing_lines": [], "excluded_lines": [], "executed_branches": [], "missing_branches": []}}, "classes": {"": {"executed_lines": [], "summary": {"covered_lines": 0, "num_statements": 0, "percent_covered": 100.0, "percent_covered_display": "100", "missing_lines": 0, "excluded_lines": 0, "num_branches": 0, "num_partial_branches": 0, "covered_branches": 0, "missing_branches": 0}, "missing_lines": [], "excluded_lines": [], "executed_branches": [], "missing_branches": []}}}, "tools/reference/lookup.py": {"executed_lines": [], "summary": {"covered_lines": 0, "num_statements": 36, "percent_covered": 0.0, "percent_covered_display": "0", "missing_lines": 36, "excluded_lines": 0, "num_branches": 14, "num_partial_branches": 0, "covered_branches": 0, "missing_branches": 14}, "missing_lines": [3, 5, 6, 7, 8, 10, 11, 14, 15, 16, 17, 20, 23, 24, 25, 26, 29, 30, 31, 32, 33, 34, 35, 36, 37, 40, 41, 42, 43, 44, 45, 47, 48, 49, 52, 53], "excluded_lines": [], "executed_branches": [], "missing_branches": [[24, 25], [24, 26], [30, 31], [30, 32], [34, 35], [34, 37], [35, 34], [35, 36], [44, 45], [44, 47], [47, 48], [47, 49], [52, -2], [52, 53]], "functions": {"parse_args": {"executed_lines": [], "summary": {"covered_lines": 0, "num_statements": 4, "percent_covered": 0.0, "percent_covered_display": "0", "missing_lines": 4, "excluded_lines": 0, "num_branches": 0, "num_partial_branches": 0, "covered_branches": 0, "missing_branches": 0}, "missing_lines": [15, 16, 17, 20], "excluded_lines": [], "executed_branches": [], "missing_branches": []}, "load_reference": {"executed_lines": [], "summary": {"covered_lines": 0, "num_statements": 3, "percent_covered": 0.0, "percent_covered_display": "0", "missing_lines": 3, "excluded_lines": 0, "num_branches": 2, "num_partial_branches": 0, "covered_branches": 0, "missing_branches": 2}, "missing_lines": [24, 25, 26], "excluded_lines": [], "executed_branches": [], "missing_branches": [[24, 25], [24, 26]]}, "search": {"executed_lines": [], "summary": {"covered_lines": 0, "num_statements": 8, "percent_covered": 0.0, "percent_covered_display": "0", "missing_lines": 8, "excluded_lines": 0, "num_branches": 6, "num_partial_branches": 0, "covered_branches": 0, "missing_branches": 6}, "missing_lines": [30, 31, 32, 33, 34, 35, 36, 37], "excluded_lines": [], "executed_branches": [], "missing_branches": [[30, 31], [30, 32], [34, 35], [34, 37], [35, 34], [35, 36]]}, "main": {"executed_lines": [], "summary": {"covered_lines": 0, "num_statements": 8, "percent_covered": 0.0, "percent_covered_display": "0", "missing_lines": 8, "excluded_lines": 0, "num_branches": 4, "num_partial_branches": 0, "covered_branches": 0, "missing_branches": 4}, "missing_lines": [41, 42, 43, 44, 45, 47, 48, 49], "excluded_lines": [], "executed_branches": [], "missing_branches": [[44, 45], [44, 47], [47, 48], [47, 49]]}, "": {"executed_lines": [], "summary": {"covered_lines": 0, "num_statements": 13, "percent_covered": 0.0, "percent_covered_display": "0", "missing_lines": 13, "excluded_lines": 0, "num_branches": 2, "num_partial_branches": 0, "covered_branches": 0, "missing_branches": 2}, "missing_lines": [3, 5, 6, 7, 8, 10, 11, 14, 23, 29, 40, 52, 53], "excluded_lines": [], "executed_branches": [], "missing_branches": [[52, -2], [52, 53]]}}, "classes": {"": {"executed_lines": [], "summary": {"covered_lines": 0, "num_statements": 36, "percent_covered": 0.0, "percent_covered_display": "0", "missing_lines": 36, "excluded_lines": 0, "num_branches": 14, "num_partial_branches": 0, "covered_branches": 0, "missing_branches": 14}, "missing_lines": [3, 5, 6, 7, 8, 10, 11, 14, 15, 16, 17, 20, 23, 24, 25, 26, 29, 30, 31, 32, 33, 34, 35, 36, 37, 40, 41, 42, 43, 44, 45, 47, 48, 49, 52, 53], "excluded_lines": [], "executed_branches": [], "missing_branches": [[24, 25], [24, 26], [30, 31], [30, 32], [34, 35], [34, 37], [35, 34], [35, 36], [44, 45], [44, 47], [47, 48], [47, 49], [52, -2], [52, 53]]}}}, "tools/tests/__init__.py": {"executed_lines": [], "summary": {"covered_lines": 0, "num_statements": 2, "percent_covered": 0.0, "percent_covered_display": "0", "missing_lines": 2, "excluded_lines": 0, "num_branches": 0, "num_partial_branches": 0, "covered_branches": 0, "missing_branches": 0}, "missing_lines": [2, 4], "excluded_lines": [], "executed_branches": [], "missing_branches": [], "functions": {"": {"executed_lines": [], "summary": {"covered_lines": 0, "num_statements": 2, "percent_covered": 0.0, "percent_covered_display": "0", "missing_lines": 2, "excluded_lines": 0, "num_branches": 0, "num_partial_branches": 0, "covered_branches": 0, "missing_branches": 0}, "missing_lines": [2, 4], "excluded_lines": [], "executed_branches": [], "missing_branches": []}}, "classes": {"": {"executed_lines": [], "summary": {"covered_lines": 0, "num_statements": 2, "percent_covered": 0.0, "percent_covered_display": "0", "missing_lines": 2, "excluded_lines": 0, "num_branches": 0, "num_partial_branches": 0, "covered_branches": 0, "missing_branches": 0}, "missing_lines": [2, 4], "excluded_lines": [], "executed_branches": [], "missing_branches": []}}}, "tools/tests/coverage_guard.py": {"executed_lines": [], "summary": {"covered_lines": 0, "num_statements": 52, "percent_covered": 0.0, "percent_covered_display": "0", "missing_lines": 52, "excluded_lines": 2, "num_branches": 12, "num_partial_branches": 0, "covered_branches": 0, "missing_branches": 12}, "missing_lines": [3, 5, 6, 7, 8, 10, 11, 14, 18, 19, 20, 23, 24, 25, 28, 29, 30, 31, 32, 33, 34, 35, 36, 37, 38, 39, 40, 41, 42, 45, 46, 47, 50, 51, 52, 58, 64, 69, 72, 73, 74, 75, 76, 77, 78, 79, 80, 81, 82, 83, 86, 87], "excluded_lines": [21, 22], "executed_branches": [], "missing_branches": [[23, 24], [23, 25], [29, 30], [29, 31], [37, 38], [37, 39], [46, -45], [46, 47], [81, 82], [81, 83], [86, -2], [86, 87]], "functions": {"_threshold_arg": {"executed_lines": [], "summary": {"covered_lines": 0, "num_statements": 5, "percent_covered": 0.0, "percent_covered_display": "0", "missing_lines": 5, "excluded_lines": 2, "num_branches": 2, "num_partial_branches": 0, "covered_branches": 0, "missing_branches": 2}, "missing_lines": [19, 20, 23, 24, 25], "excluded_lines": [21, 22], "executed_branches": [], "missing_branches": [[23, 24], [23, 25]]}, "parse_coverage_rate": {"executed_lines": [], "summary": {"covered_lines": 0, "num_statements": 14, "percent_covered": 0.0, "percent_covered_display": "0", "missing_lines": 14, "excluded_lines": 0, "num_branches": 4, "num_partial_branches": 0, "covered_branches": 0, "missing_branches": 4}, "missing_lines": [29, 30, 31, 32, 33, 34, 35, 36, 37, 38, 39, 40, 41, 42], "excluded_lines": [], "executed_branches": [], "missing_branches": [[29, 30], [29, 31], [37, 38], [37, 39]]}, "enforce_threshold": {"executed_lines": [], "summary": {"covered_lines": 0, "num_statements": 2, "percent_covered": 0.0, "percent_covered_display": "0", "missing_lines": 2, "excluded_lines": 0, "num_branches": 2, "num_partial_branches": 0, "covered_branches": 0, "missing_branches": 2}, "missing_lines": [46, 47], "excluded_lines": [], "executed_branches": [], "missing_branches": [[46, -45], [46, 47]]}, "build_parser": {"executed_lines": [], "summary": {"covered_lines": 0, "num_statements": 5, "percent_covered": 0.0, "percent_covered_display": "0", "missing_lines": 5, "excluded_lines": 0, "num_branches": 0, "num_partial_branches": 0, "covered_branches": 0, "missing_branches": 0}, "missing_lines": [51, 52, 58, 64, 69], "excluded_lines": [], "executed_branches": [], "missing_branches": []}, "main": {"executed_lines": [], "summary": {"covered_lines": 0, "num_statements": 11, "percent_covered": 0.0, "percent_covered_display": "0", "missing_lines": 11, "excluded_lines": 0, "num_branches": 2, "num_partial_branches": 0, "covered_branches": 0, "missing_branches": 2}, "missing_lines": [73, 74, 75, 76, 77, 78, 79, 80, 81, 82, 83], "excluded_lines": [], "executed_branches": [], "missing_branches": [[81, 82], [81, 83]]}, "": {"executed_lines": [], "summary": {"covered_lines": 0, "num_statements": 15, "percent_covered": 0.0, "percent_covered_display": "0", "missing_lines": 15, "excluded_lines": 0, "num_branches": 2, "num_partial_branches": 0, "covered_branches": 0, "missing_branches": 2}, "missing_lines": [3, 5, 6, 7, 8, 10, 11, 14, 18, 28, 45, 50, 72, 86, 87], "excluded_lines": [], "executed_branches": [], "missing_branches": [[86, -2], [86, 87]]}}, "classes": {"CoverageError": {"executed_lines": [], "summary": {"covered_lines": 0, "num_statements": 0, "percent_covered": 100.0, "percent_covered_display": "100", "missing_lines": 0, "excluded_lines": 0, "num_branches": 0, "num_partial_branches": 0, "covered_branches": 0, "missing_branches": 0}, "missing_lines": [], "excluded_lines": [], "executed_branches": [], "missing_branches": []}, "": {"executed_lines": [], "summary": {"covered_lines": 0, "num_statements": 52, "percent_covered": 0.0, "percent_covered_display": "0", "missing_lines": 52, "excluded_lines": 2, "num_branches": 12, "num_partial_branches": 0, "covered_branches": 0, "missing_branches": 12}, "missing_lines": [3, 5, 6, 7, 8, 10, 11, 14, 18, 19, 20, 23, 24, 25, 28, 29, 30, 31, 32, 33, 34, 35, 36, 37, 38, 39, 40, 41, 42, 45, 46, 47, 50, 51, 52, 58, 64, 69, 72, 73, 74, 75, 76, 77, 78, 79, 80, 81, 82, 83, 86, 87], "excluded_lines": [21, 22], "executed_branches": [], "missing_branches": [[23, 24], [23, 25], [29, 30], [29, 31], [37, 38], [37, 39], [46, -45], [46, 47], [81, 82], [81, 83], [86, -2], [86, 87]]}}}}, "totals": {"covered_lines": 609, "num_statements": 12180, "percent_covered": 4.8046398046398044, "percent_covered_display": "5", "missing_lines": 11571, "excluded_lines": 153, "num_branches": 4200, "num_partial_branches": 50, "covered_branches": 178, "missing_branches": 4022}}